<?xml version="1.0" encoding="UTF-8"?>
<testsuites name="Test_Suite_1" time="32.253" tests="2" failures="0" errors="0">
   <testsuite name="Test_Suite_1" tests="2" failures="0" errors="0" time="32.253" skipped="0" timestamp="2023-10-11 14:56:53" hostname="yyd78 - YYD-DELL-01" id="Test Suites/Test_Suite_1">
      <properties>
         <property name="deviceName" value=""/>
         <property name="devicePlatform" value=""/>
         <property name="logFolder" value="C:\\Users\\yyd78\\git\\SG_Proj\\Reports\\20231011_145646\\Test_Suite_1\\20231011_145646"/>
         <property name="logFiles" value="C:\\Users\\yyd78\\git\\SG_Proj\\Reports\\20231011_145646\\Test_Suite_1\\20231011_145646\\execution0.log"/>
         <property name="attachments" value="C:\desktop\screenshot.png"/>
         <property name="hostName" value="yyd78 - YYD-DELL-01"/>
         <property name="os" value="Windows 11 64bit"/>
         <property name="katalonVersion" value="8.6.8.208"/>
         <property name="browser" value="Chrome 117.0.0.0"/>
         <property name="hostAddress" value="192.168.0.86"/>
         <property name="sessionId" value="4d5279cccec77961bd36a33a42d838d9"/>
         <property name="seleniumVersion" value="3.141.59"/>
         <property name="proxyInformation" value="ProxyInformation { proxyOption=NO_PROXY, proxyServerType=HTTP, username=, password=********, proxyServerAddress=, proxyServerPort=0, executionList=&quot;&quot;, isApplyToDesiredCapabilities=true }"/>
         <property name="platform" value="Windows 11"/>
      </properties>
      <testcase name="Test Cases/File Upload/TC12 - File upload" time="9.579" classname="Test Cases/File Upload/TC12 - File upload" status="PASSED">
         <system-out><![CDATA[2023-10-11 14:56:53 - [TEST_CASE][PASSED] - Test Cases/File Upload/TC12 - File upload: Test Cases/File Upload/TC12 - File upload

2023-10-11 14:56:54 - [TEST_STEP][PASSED] - openBrowser("https://cgi-lib.berkeley.edu/ex/fup.html"): Browser is opened with url: 'https://cgi-lib.berkeley.edu/ex/fup.html'

2023-10-11 14:56:54 - [MESSAGE][INFO] - Starting 'Chrome' driver

2023-10-11 14:56:54 - [MESSAGE][INFO] - Action delay is set to 0 milliseconds

2023-10-11 14:56:57 - [MESSAGE][PASSED] - Browser is opened with url: 'https://cgi-lib.berkeley.edu/ex/fup.html'

2023-10-11 14:56:57 - [TEST_STEP][PASSED] - uploadFile(findTestObject("ChooseFile_btn"), "C:\Users\yyd78\Desktop\sample.txt"): File 'C:\Users\yyd78\Desktop\sample.txt' sent to object: 'Object Repository/ChooseFile_btn'

2023-10-11 14:56:57 - [MESSAGE][PASSED] - File 'C:\Users\yyd78\Desktop\sample.txt' sent to object: 'Object Repository/ChooseFile_btn'

2023-10-11 14:56:57 - [TEST_STEP][PASSED] - click(findTestObject("Press_btn")): Object: 'Object Repository/Press_btn' is clicked on

2023-10-11 14:56:58 - [MESSAGE][PASSED] - Object: 'Object Repository/Press_btn' is clicked on

2023-10-11 14:56:58 - [TEST_STEP][PASSED] - verifyTextPresent("File Upload Results", true): Text 'File Upload Results' is present on page  using regular expression

2023-10-11 14:56:58 - [MESSAGE][PASSED] - Text 'File Upload Results' is present on page  using regular expression

2023-10-11 14:56:58 - [TEST_STEP][PASSED] - delay(4): Delayed 4 second(s)

2023-10-11 14:57:02 - [MESSAGE][PASSED] - Delayed 4 second(s)

2023-10-11 14:57:02 - [TEST_STEP][PASSED] - closeBrowser(): Browser is closed

2023-10-11 14:57:03 - [MESSAGE][PASSED] - Browser is closed]]></system-out>
         <system-err><![CDATA[]]></system-err>
      </testcase>
      <testcase name="Test Cases/File Upload/TC13-File Download" time="22.434" classname="Test Cases/File Upload/TC13-File Download" status="PASSED">
         <system-out><![CDATA[2023-10-11 14:57:03 - [TEST_CASE][PASSED] - Test Cases/File Upload/TC13-File Download: Test Cases/File Upload/TC13-File Download

2023-10-11 14:57:03 - [TEST_STEP][PASSED] - openBrowser("https://file-examples.com/index.php/sample-documents-download/"): Browser is opened with url: 'https://file-examples.com/index.php/sample-documents-download/'

2023-10-11 14:57:03 - [MESSAGE][INFO] - Starting 'Chrome' driver

2023-10-11 14:57:03 - [MESSAGE][INFO] - Action delay is set to 0 milliseconds

2023-10-11 14:57:08 - [MESSAGE][PASSED] - Browser is opened with url: 'https://file-examples.com/index.php/sample-documents-download/'

2023-10-11 14:57:08 - [TEST_STEP][PASSED] - maximizeWindow(): Current window maximized

2023-10-11 14:57:08 - [MESSAGE][PASSED] - Current window maximized

2023-10-11 14:57:08 - [TEST_STEP][PASSED] - scrollToElement(findTestObject("PDFDownload"), 3): Scroll to object 'Object Repository/PDFDownload' successfully

2023-10-11 14:57:09 - [MESSAGE][PASSED] - Scroll to object 'Object Repository/PDFDownload' successfully

2023-10-11 14:57:09 - [TEST_STEP][PASSED] - click(findTestObject("PDFDownload")): Object: 'Object Repository/PDFDownload' is clicked on

2023-10-11 14:57:12 - [MESSAGE][PASSED] - Object: 'Object Repository/PDFDownload' is clicked on

2023-10-11 14:57:12 - [TEST_STEP][PASSED] - scrollToPosition(0, 600): Browser is scrolled to position x = 0, y = 600

2023-10-11 14:57:12 - [MESSAGE][PASSED] - Browser is scrolled to position x = 0, y = 600

2023-10-11 14:57:12 - [TEST_STEP][PASSED] - click(findTestObject("150k_dl")): Object: 'Object Repository/150k_dl' is clicked on

2023-10-11 14:57:19 - [MESSAGE][PASSED] - Object: 'Object Repository/150k_dl' is clicked on

2023-10-11 14:57:19 - [TEST_STEP][PASSED] - delay(5): Delayed 5 second(s)

2023-10-11 14:57:24 - [MESSAGE][PASSED] - Delayed 5 second(s)

2023-10-11 14:57:24 - [TEST_STEP][PASSED] - takeScreenshot("C:\desktop\screenshot.png"): Taking screenshot successfully

2023-10-11 14:57:25 - [MESSAGE][PASSED] - Taking screenshot successfully
[[ATTACHMENT|C:\desktop\screenshot.png]]

2023-10-11 14:57:25 - [TEST_STEP][PASSED] - closeBrowser(): Browser is closed

2023-10-11 14:57:25 - [MESSAGE][PASSED] - Browser is closed]]></system-out>
         <system-err><![CDATA[]]></system-err>
      </testcase>
      <system-out><![CDATA[2023-10-11 14:56:53 - [TEST_SUITE][PASSED] - Test_Suite_1: Test Cases/File Upload/TC13-File Download]]></system-out>
      <system-err><![CDATA[]]></system-err>
   </testsuite>
</testsuites>
