<?xml version="1.0" encoding="UTF-8"?>
<testsuites name="Book Apointment" time="47.125" tests="3" failures="0" errors="0">
   <testsuite name="Book Apointment" tests="3" failures="0" errors="0" time="47.125" skipped="0" timestamp="2023-10-11 18:14:05" hostname="yyd78 - YYD-DELL-01" id="Test Suites/CURA - Appointment/Book Apointment">
      <properties>
         <property name="deviceName" value=""/>
         <property name="devicePlatform" value=""/>
         <property name="logFolder" value="C:\\Users\\yyd78\\git\\SG_Proj\\Reports\\20231011_181356\\CURA - Appointment\\Book Apointment\\20231011_181356"/>
         <property name="logFiles" value="C:\\Users\\yyd78\\git\\SG_Proj\\Reports\\20231011_181356\\CURA - Appointment\\Book Apointment\\20231011_181356\\execution0.log"/>
         <property name="attachments" value="C:\desktop\booking_confirm.jpg, C:\desktop\booking_confirm.jpg, C:\desktop\booking_confirm.jpg"/>
         <property name="hostName" value="yyd78 - YYD-DELL-01"/>
         <property name="os" value="Windows 11 64bit"/>
         <property name="katalonVersion" value="8.6.8.208"/>
         <property name="browser" value="Chrome 117.0.0.0"/>
         <property name="hostAddress" value="192.168.0.86"/>
         <property name="sessionId" value="2daaea49ed2f824b4e4fb7ce71d66f4b"/>
         <property name="seleniumVersion" value="3.141.59"/>
         <property name="proxyInformation" value="ProxyInformation { proxyOption=NO_PROXY, proxyServerType=HTTP, username=, password=********, proxyServerAddress=, proxyServerPort=0, executionList=&quot;&quot;, isApplyToDesiredCapabilities=true }"/>
         <property name="platform" value="Windows 11"/>
      </properties>
      <testcase name="Test Cases/Data Driven/TC30 - Data Driven_CURA" time="17.21" classname="Test Cases/Data Driven/TC30 - Data Driven_CURA" status="PASSED">
         <system-out><![CDATA[2023-10-11 18:14:05 - [TEST_CASE][PASSED] - Test Cases/Data Driven/TC30 - Data Driven_CURA: Test Cases/Data Driven/TC30 - Data Driven_CURA

2023-10-11 18:14:06 - [TEST_STEP][PASSED] - openBrowser("https://katalon-demo-cura.herokuapp.com/profile.php#login"): Browser is opened with url: 'https://katalon-demo-cura.herokuapp.com/profile.php#login'

2023-10-11 18:14:06 - [MESSAGE][INFO] - Starting 'Chrome' driver

2023-10-11 18:14:07 - [MESSAGE][INFO] - Action delay is set to 0 milliseconds

2023-10-11 18:14:12 - [MESSAGE][PASSED] - Browser is opened with url: 'https://katalon-demo-cura.herokuapp.com/profile.php#login'

2023-10-11 18:14:12 - [TEST_STEP][PASSED] - setText(findTestObject("Page_CURA Healthcare Service/input_Username"), UserName): Text 'John Doe' is set on object 'Object Repository/Page_CURA Healthcare Service/input_Username'

2023-10-11 18:14:13 - [MESSAGE][PASSED] - Text 'John Doe' is set on object 'Object Repository/Page_CURA Healthcare Service/input_Username'

2023-10-11 18:14:13 - [TEST_STEP][PASSED] - setText(findTestObject("Page_CURA Healthcare Service/input_Password"), Password): Text 'ThisIsNotAPassword' is set on object 'Object Repository/Page_CURA Healthcare Service/input_Password'

2023-10-11 18:14:14 - [MESSAGE][PASSED] - Text 'ThisIsNotAPassword' is set on object 'Object Repository/Page_CURA Healthcare Service/input_Password'

2023-10-11 18:14:14 - [TEST_STEP][PASSED] - click(findTestObject("Page_CURA Healthcare Service/Login_Btn")): Object: 'Object Repository/Page_CURA Healthcare Service/Login_Btn' is clicked on

2023-10-11 18:14:15 - [MESSAGE][PASSED] - Object: 'Object Repository/Page_CURA Healthcare Service/Login_Btn' is clicked on

2023-10-11 18:14:15 - [TEST_STEP][PASSED] - selectOptionByValue(findTestObject("Page_CURA Healthcare Service/select_Healthcare Center"), HealthCenter, false): All options with value 'Hongkong CURA Healthcare Center' are selected in object 'Object Repository/Page_CURA Healthcare Service/select_Healthcare Center' 

2023-10-11 18:14:16 - [MESSAGE][PASSED] - All options with value 'Hongkong CURA Healthcare Center' are selected in object 'Object Repository/Page_CURA Healthcare Service/select_Healthcare Center' 

2023-10-11 18:14:16 - [TEST_STEP][PASSED] - check(findTestObject("Page_CURA Healthcare Service/Hospital readmission")): Object 'Object Repository/Page_CURA Healthcare Service/Hospital readmission' is checked

2023-10-11 18:14:17 - [MESSAGE][PASSED] - Object 'Object Repository/Page_CURA Healthcare Service/Hospital readmission' is checked

2023-10-11 18:14:17 - [TEST_STEP][PASSED] - click(findTestObject("Page_CURA Healthcare Service/input_None_programs")): Object: 'Object Repository/Page_CURA Healthcare Service/input_None_programs' is clicked on

2023-10-11 18:14:17 - [MESSAGE][PASSED] - Object: 'Object Repository/Page_CURA Healthcare Service/input_None_programs' is clicked on

2023-10-11 18:14:17 - [TEST_STEP][PASSED] - setText(findTestObject("Page_CURA Healthcare Service/input_Visit Date"), VisitDate): Text '26/10/2023' is set on object 'Object Repository/Page_CURA Healthcare Service/input_Visit Date'

2023-10-11 18:14:18 - [MESSAGE][PASSED] - Text '26/10/2023' is set on object 'Object Repository/Page_CURA Healthcare Service/input_Visit Date'

2023-10-11 18:14:18 - [TEST_STEP][PASSED] - setText(findTestObject("Page_CURA Healthcare Service/Comment"), Comment): Text 'Testing Appointment 1' is set on object 'Object Repository/Page_CURA Healthcare Service/Comment'

2023-10-11 18:14:19 - [MESSAGE][PASSED] - Text 'Testing Appointment 1' is set on object 'Object Repository/Page_CURA Healthcare Service/Comment'

2023-10-11 18:14:19 - [TEST_STEP][PASSED] - submit(findTestObject("Page_CURA Healthcare Service/button_Book Appointment")): The form containing object: 'Object Repository/Page_CURA Healthcare Service/button_Book Appointment' is submitted

2023-10-11 18:14:20 - [MESSAGE][PASSED] - The form containing object: 'Object Repository/Page_CURA Healthcare Service/button_Book Appointment' is submitted

2023-10-11 18:14:20 - [TEST_STEP][PASSED] - takeScreenshot("C:\desktop\booking_confirm.jpg"): Taking screenshot successfully

2023-10-11 18:14:21 - [MESSAGE][PASSED] - Taking screenshot successfully
[[ATTACHMENT|C:\desktop\booking_confirm.jpg]]

2023-10-11 18:14:21 - [TEST_STEP][PASSED] - click(findTestObject("Page_CURA Healthcare Service/Menu")): Object: 'Object Repository/Page_CURA Healthcare Service/Menu' is clicked on

2023-10-11 18:14:21 - [MESSAGE][PASSED] - Object: 'Object Repository/Page_CURA Healthcare Service/Menu' is clicked on

2023-10-11 18:14:21 - [TEST_STEP][PASSED] - click(findTestObject("Page_CURA Healthcare Service/Logout")): Object: 'Object Repository/Page_CURA Healthcare Service/Logout' is clicked on

2023-10-11 18:14:22 - [MESSAGE][PASSED] - Object: 'Object Repository/Page_CURA Healthcare Service/Logout' is clicked on]]></system-out>
         <system-err><![CDATA[]]></system-err>
      </testcase>
      <testcase name="Test Cases/Data Driven/TC30 - Data Driven_CURA" time="15.521" classname="Test Cases/Data Driven/TC30 - Data Driven_CURA" status="PASSED">
         <system-out><![CDATA[2023-10-11 18:14:22 - [TEST_CASE][PASSED] - Test Cases/Data Driven/TC30 - Data Driven_CURA: Test Cases/Data Driven/TC30 - Data Driven_CURA

2023-10-11 18:14:22 - [TEST_STEP][PASSED] - openBrowser("https://katalon-demo-cura.herokuapp.com/profile.php#login"): Browser is opened with url: 'https://katalon-demo-cura.herokuapp.com/profile.php#login'

2023-10-11 18:14:22 - [MESSAGE][WARNING] - A browser is already opened. Closing browser and opening a new one

2023-10-11 18:14:23 - [MESSAGE][INFO] - Starting 'Chrome' driver

2023-10-11 18:14:23 - [MESSAGE][INFO] - Action delay is set to 0 milliseconds

2023-10-11 18:14:28 - [MESSAGE][PASSED] - Browser is opened with url: 'https://katalon-demo-cura.herokuapp.com/profile.php#login'

2023-10-11 18:14:28 - [TEST_STEP][PASSED] - setText(findTestObject("Page_CURA Healthcare Service/input_Username"), UserName): Text 'John Doe' is set on object 'Object Repository/Page_CURA Healthcare Service/input_Username'

2023-10-11 18:14:29 - [MESSAGE][PASSED] - Text 'John Doe' is set on object 'Object Repository/Page_CURA Healthcare Service/input_Username'

2023-10-11 18:14:29 - [TEST_STEP][PASSED] - setText(findTestObject("Page_CURA Healthcare Service/input_Password"), Password): Text 'ThisIsNotAPassword' is set on object 'Object Repository/Page_CURA Healthcare Service/input_Password'

2023-10-11 18:14:30 - [MESSAGE][PASSED] - Text 'ThisIsNotAPassword' is set on object 'Object Repository/Page_CURA Healthcare Service/input_Password'

2023-10-11 18:14:30 - [TEST_STEP][PASSED] - click(findTestObject("Page_CURA Healthcare Service/Login_Btn")): Object: 'Object Repository/Page_CURA Healthcare Service/Login_Btn' is clicked on

2023-10-11 18:14:31 - [MESSAGE][PASSED] - Object: 'Object Repository/Page_CURA Healthcare Service/Login_Btn' is clicked on

2023-10-11 18:14:31 - [TEST_STEP][PASSED] - selectOptionByValue(findTestObject("Page_CURA Healthcare Service/select_Healthcare Center"), HealthCenter, false): All options with value 'Tokyo CURA Healthcare Center' are selected in object 'Object Repository/Page_CURA Healthcare Service/select_Healthcare Center' 

2023-10-11 18:14:32 - [MESSAGE][PASSED] - All options with value 'Tokyo CURA Healthcare Center' are selected in object 'Object Repository/Page_CURA Healthcare Service/select_Healthcare Center' 

2023-10-11 18:14:32 - [TEST_STEP][PASSED] - check(findTestObject("Page_CURA Healthcare Service/Hospital readmission")): Object 'Object Repository/Page_CURA Healthcare Service/Hospital readmission' is checked

2023-10-11 18:14:33 - [MESSAGE][PASSED] - Object 'Object Repository/Page_CURA Healthcare Service/Hospital readmission' is checked

2023-10-11 18:14:33 - [TEST_STEP][PASSED] - click(findTestObject("Page_CURA Healthcare Service/input_None_programs")): Object: 'Object Repository/Page_CURA Healthcare Service/input_None_programs' is clicked on

2023-10-11 18:14:33 - [MESSAGE][PASSED] - Object: 'Object Repository/Page_CURA Healthcare Service/input_None_programs' is clicked on

2023-10-11 18:14:33 - [TEST_STEP][PASSED] - setText(findTestObject("Page_CURA Healthcare Service/input_Visit Date"), VisitDate): Text '27/10/2023' is set on object 'Object Repository/Page_CURA Healthcare Service/input_Visit Date'

2023-10-11 18:14:34 - [MESSAGE][PASSED] - Text '27/10/2023' is set on object 'Object Repository/Page_CURA Healthcare Service/input_Visit Date'

2023-10-11 18:14:34 - [TEST_STEP][PASSED] - setText(findTestObject("Page_CURA Healthcare Service/Comment"), Comment): Text 'Testing Appointment 2' is set on object 'Object Repository/Page_CURA Healthcare Service/Comment'

2023-10-11 18:14:35 - [MESSAGE][PASSED] - Text 'Testing Appointment 2' is set on object 'Object Repository/Page_CURA Healthcare Service/Comment'

2023-10-11 18:14:35 - [TEST_STEP][PASSED] - submit(findTestObject("Page_CURA Healthcare Service/button_Book Appointment")): The form containing object: 'Object Repository/Page_CURA Healthcare Service/button_Book Appointment' is submitted

2023-10-11 18:14:36 - [MESSAGE][PASSED] - The form containing object: 'Object Repository/Page_CURA Healthcare Service/button_Book Appointment' is submitted

2023-10-11 18:14:36 - [TEST_STEP][PASSED] - takeScreenshot("C:\desktop\booking_confirm.jpg"): Taking screenshot successfully

2023-10-11 18:14:36 - [MESSAGE][PASSED] - Taking screenshot successfully
[[ATTACHMENT|C:\desktop\booking_confirm.jpg]]

2023-10-11 18:14:36 - [TEST_STEP][PASSED] - click(findTestObject("Page_CURA Healthcare Service/Menu")): Object: 'Object Repository/Page_CURA Healthcare Service/Menu' is clicked on

2023-10-11 18:14:37 - [MESSAGE][PASSED] - Object: 'Object Repository/Page_CURA Healthcare Service/Menu' is clicked on

2023-10-11 18:14:37 - [TEST_STEP][PASSED] - click(findTestObject("Page_CURA Healthcare Service/Logout")): Object: 'Object Repository/Page_CURA Healthcare Service/Logout' is clicked on

2023-10-11 18:14:38 - [MESSAGE][PASSED] - Object: 'Object Repository/Page_CURA Healthcare Service/Logout' is clicked on]]></system-out>
         <system-err><![CDATA[]]></system-err>
      </testcase>
      <testcase name="Test Cases/Data Driven/TC30 - Data Driven_CURA" time="13.777" classname="Test Cases/Data Driven/TC30 - Data Driven_CURA" status="PASSED">
         <system-out><![CDATA[2023-10-11 18:14:38 - [TEST_CASE][PASSED] - Test Cases/Data Driven/TC30 - Data Driven_CURA: Test Cases/Data Driven/TC30 - Data Driven_CURA

2023-10-11 18:14:38 - [TEST_STEP][PASSED] - openBrowser("https://katalon-demo-cura.herokuapp.com/profile.php#login"): Browser is opened with url: 'https://katalon-demo-cura.herokuapp.com/profile.php#login'

2023-10-11 18:14:38 - [MESSAGE][WARNING] - A browser is already opened. Closing browser and opening a new one

2023-10-11 18:14:39 - [MESSAGE][INFO] - Starting 'Chrome' driver

2023-10-11 18:14:39 - [MESSAGE][INFO] - Action delay is set to 0 milliseconds

2023-10-11 18:14:43 - [MESSAGE][PASSED] - Browser is opened with url: 'https://katalon-demo-cura.herokuapp.com/profile.php#login'

2023-10-11 18:14:43 - [TEST_STEP][PASSED] - setText(findTestObject("Page_CURA Healthcare Service/input_Username"), UserName): Text 'John Doe' is set on object 'Object Repository/Page_CURA Healthcare Service/input_Username'

2023-10-11 18:14:44 - [MESSAGE][PASSED] - Text 'John Doe' is set on object 'Object Repository/Page_CURA Healthcare Service/input_Username'

2023-10-11 18:14:44 - [TEST_STEP][PASSED] - setText(findTestObject("Page_CURA Healthcare Service/input_Password"), Password): Text 'ThisIsNotAPassword' is set on object 'Object Repository/Page_CURA Healthcare Service/input_Password'

2023-10-11 18:14:44 - [MESSAGE][PASSED] - Text 'ThisIsNotAPassword' is set on object 'Object Repository/Page_CURA Healthcare Service/input_Password'

2023-10-11 18:14:44 - [TEST_STEP][PASSED] - click(findTestObject("Page_CURA Healthcare Service/Login_Btn")): Object: 'Object Repository/Page_CURA Healthcare Service/Login_Btn' is clicked on

2023-10-11 18:14:46 - [MESSAGE][PASSED] - Object: 'Object Repository/Page_CURA Healthcare Service/Login_Btn' is clicked on

2023-10-11 18:14:46 - [TEST_STEP][PASSED] - selectOptionByValue(findTestObject("Page_CURA Healthcare Service/select_Healthcare Center"), HealthCenter, false): All options with value 'Seoul CURA Healthcare Center' are selected in object 'Object Repository/Page_CURA Healthcare Service/select_Healthcare Center' 

2023-10-11 18:14:47 - [MESSAGE][PASSED] - All options with value 'Seoul CURA Healthcare Center' are selected in object 'Object Repository/Page_CURA Healthcare Service/select_Healthcare Center' 

2023-10-11 18:14:47 - [TEST_STEP][PASSED] - check(findTestObject("Page_CURA Healthcare Service/Hospital readmission")): Object 'Object Repository/Page_CURA Healthcare Service/Hospital readmission' is checked

2023-10-11 18:14:47 - [MESSAGE][PASSED] - Object 'Object Repository/Page_CURA Healthcare Service/Hospital readmission' is checked

2023-10-11 18:14:47 - [TEST_STEP][PASSED] - click(findTestObject("Page_CURA Healthcare Service/input_None_programs")): Object: 'Object Repository/Page_CURA Healthcare Service/input_None_programs' is clicked on

2023-10-11 18:14:47 - [MESSAGE][PASSED] - Object: 'Object Repository/Page_CURA Healthcare Service/input_None_programs' is clicked on

2023-10-11 18:14:47 - [TEST_STEP][PASSED] - setText(findTestObject("Page_CURA Healthcare Service/input_Visit Date"), VisitDate): Text '29/10/2023' is set on object 'Object Repository/Page_CURA Healthcare Service/input_Visit Date'

2023-10-11 18:14:48 - [MESSAGE][PASSED] - Text '29/10/2023' is set on object 'Object Repository/Page_CURA Healthcare Service/input_Visit Date'

2023-10-11 18:14:48 - [TEST_STEP][PASSED] - setText(findTestObject("Page_CURA Healthcare Service/Comment"), Comment): Text 'Testing Appointment 3' is set on object 'Object Repository/Page_CURA Healthcare Service/Comment'

2023-10-11 18:14:49 - [MESSAGE][PASSED] - Text 'Testing Appointment 3' is set on object 'Object Repository/Page_CURA Healthcare Service/Comment'

2023-10-11 18:14:49 - [TEST_STEP][PASSED] - submit(findTestObject("Page_CURA Healthcare Service/button_Book Appointment")): The form containing object: 'Object Repository/Page_CURA Healthcare Service/button_Book Appointment' is submitted

2023-10-11 18:14:50 - [MESSAGE][PASSED] - The form containing object: 'Object Repository/Page_CURA Healthcare Service/button_Book Appointment' is submitted

2023-10-11 18:14:50 - [TEST_STEP][PASSED] - takeScreenshot("C:\desktop\booking_confirm.jpg"): Taking screenshot successfully

2023-10-11 18:14:50 - [MESSAGE][PASSED] - Taking screenshot successfully
[[ATTACHMENT|C:\desktop\booking_confirm.jpg]]

2023-10-11 18:14:50 - [TEST_STEP][PASSED] - click(findTestObject("Page_CURA Healthcare Service/Menu")): Object: 'Object Repository/Page_CURA Healthcare Service/Menu' is clicked on

2023-10-11 18:14:51 - [MESSAGE][PASSED] - Object: 'Object Repository/Page_CURA Healthcare Service/Menu' is clicked on

2023-10-11 18:14:51 - [TEST_STEP][PASSED] - click(findTestObject("Page_CURA Healthcare Service/Logout")): Object: 'Object Repository/Page_CURA Healthcare Service/Logout' is clicked on

2023-10-11 18:14:52 - [MESSAGE][PASSED] - Object: 'Object Repository/Page_CURA Healthcare Service/Logout' is clicked on]]></system-out>
         <system-err><![CDATA[]]></system-err>
      </testcase>
      <system-out><![CDATA[2023-10-11 18:14:05 - [TEST_SUITE][PASSED] - Book Apointment: Test Cases/Data Driven/TC30 - Data Driven_CURA]]></system-out>
      <system-err><![CDATA[]]></system-err>
   </testsuite>
</testsuites>
