<?xml version="1.0" encoding="UTF-8"?>
<testsuites name="Book Apointment" time="50.69" tests="3" failures="0" errors="0">
   <testsuite name="Book Apointment" tests="3" failures="0" errors="0" time="50.69" skipped="0" timestamp="2023-10-12 17:22:57" hostname="yyd78 - YYD-DELL-01" id="Test Suites/CURA - Appointment/Book Apointment">
      <properties>
         <property name="deviceName" value=""/>
         <property name="devicePlatform" value=""/>
         <property name="logFolder" value="C:\\Users\\yyd78\\git\\SG_Proj\\Reports\\20231012_172247\\CURA - Appointment\\Book Apointment\\20231012_172248"/>
         <property name="logFiles" value="C:\\Users\\yyd78\\git\\SG_Proj\\Reports\\20231012_172247\\CURA - Appointment\\Book Apointment\\20231012_172248\\execution0.log"/>
         <property name="attachments" value="C:\desktop\booking_confirm.jpg, C:\desktop\booking_confirm.jpg, C:\desktop\booking_confirm.jpg"/>
         <property name="hostName" value="yyd78 - YYD-DELL-01"/>
         <property name="os" value="Windows 11 64bit"/>
         <property name="katalonVersion" value="8.6.8.208"/>
         <property name="browser" value="Chrome 117.0.0.0"/>
         <property name="hostAddress" value="192.168.0.86"/>
         <property name="sessionId" value="e248294bf6c825cf1dc46d2328b9fc35"/>
         <property name="seleniumVersion" value="3.141.59"/>
         <property name="proxyInformation" value="ProxyInformation { proxyOption=NO_PROXY, proxyServerType=HTTP, username=, password=********, proxyServerAddress=, proxyServerPort=0, executionList=&quot;&quot;, isApplyToDesiredCapabilities=true }"/>
         <property name="platform" value="Windows 11"/>
      </properties>
      <testcase name="Test Cases/Data Driven/TC30 - Data Driven_CURA" time="19.425" classname="Test Cases/Data Driven/TC30 - Data Driven_CURA" status="PASSED">
         <system-out><![CDATA[2023-10-12 17:22:57 - [TEST_CASE][PASSED] - Test Cases/Data Driven/TC30 - Data Driven_CURA: Test Cases/Data Driven/TC30 - Data Driven_CURA

2023-10-12 17:22:58 - [TEST_STEP][PASSED] - openBrowser("https://katalon-demo-cura.herokuapp.com/profile.php#login"): Browser is opened with url: 'https://katalon-demo-cura.herokuapp.com/profile.php#login'

2023-10-12 17:22:59 - [MESSAGE][INFO] - Starting 'Chrome' driver

2023-10-12 17:22:59 - [MESSAGE][INFO] - Action delay is set to 0 milliseconds

2023-10-12 17:23:04 - [MESSAGE][PASSED] - Browser is opened with url: 'https://katalon-demo-cura.herokuapp.com/profile.php#login'

2023-10-12 17:23:04 - [TEST_STEP][PASSED] - setText(findTestObject("Page_CURA Healthcare Service/input_Username"), UserName): Text 'John Doe' is set on object 'Object Repository/Page_CURA Healthcare Service/input_Username'

2023-10-12 17:23:05 - [MESSAGE][PASSED] - Text 'John Doe' is set on object 'Object Repository/Page_CURA Healthcare Service/input_Username'

2023-10-12 17:23:05 - [TEST_STEP][PASSED] - setText(findTestObject("Page_CURA Healthcare Service/input_Password"), Password): Text 'ThisIsNotAPassword' is set on object 'Object Repository/Page_CURA Healthcare Service/input_Password'

2023-10-12 17:23:06 - [MESSAGE][PASSED] - Text 'ThisIsNotAPassword' is set on object 'Object Repository/Page_CURA Healthcare Service/input_Password'

2023-10-12 17:23:06 - [TEST_STEP][PASSED] - click(findTestObject("Page_CURA Healthcare Service/Login_Btn")): Object: 'Object Repository/Page_CURA Healthcare Service/Login_Btn' is clicked on

2023-10-12 17:23:08 - [MESSAGE][PASSED] - Object: 'Object Repository/Page_CURA Healthcare Service/Login_Btn' is clicked on

2023-10-12 17:23:08 - [TEST_STEP][PASSED] - selectOptionByValue(findTestObject("Page_CURA Healthcare Service/select_Healthcare Center"), HealthCenter, false): All options with value 'Hongkong CURA Healthcare Center' are selected in object 'Object Repository/Page_CURA Healthcare Service/select_Healthcare Center' 

2023-10-12 17:23:08 - [MESSAGE][PASSED] - All options with value 'Hongkong CURA Healthcare Center' are selected in object 'Object Repository/Page_CURA Healthcare Service/select_Healthcare Center' 

2023-10-12 17:23:08 - [TEST_STEP][PASSED] - check(findTestObject("Page_CURA Healthcare Service/Hospital readmission")): Object 'Object Repository/Page_CURA Healthcare Service/Hospital readmission' is checked

2023-10-12 17:23:09 - [MESSAGE][PASSED] - Object 'Object Repository/Page_CURA Healthcare Service/Hospital readmission' is checked

2023-10-12 17:23:09 - [TEST_STEP][PASSED] - click(findTestObject("Page_CURA Healthcare Service/input_None_programs")): Object: 'Object Repository/Page_CURA Healthcare Service/input_None_programs' is clicked on

2023-10-12 17:23:09 - [MESSAGE][PASSED] - Object: 'Object Repository/Page_CURA Healthcare Service/input_None_programs' is clicked on

2023-10-12 17:23:09 - [TEST_STEP][PASSED] - setText(findTestObject("Page_CURA Healthcare Service/input_Visit Date"), VisitDate): Text '26/10/2023' is set on object 'Object Repository/Page_CURA Healthcare Service/input_Visit Date'

2023-10-12 17:23:10 - [MESSAGE][PASSED] - Text '26/10/2023' is set on object 'Object Repository/Page_CURA Healthcare Service/input_Visit Date'

2023-10-12 17:23:10 - [TEST_STEP][PASSED] - setText(findTestObject("Page_CURA Healthcare Service/Comment"), Comment): Text 'Testing Appointment 1' is set on object 'Object Repository/Page_CURA Healthcare Service/Comment'

2023-10-12 17:23:11 - [MESSAGE][PASSED] - Text 'Testing Appointment 1' is set on object 'Object Repository/Page_CURA Healthcare Service/Comment'

2023-10-12 17:23:11 - [TEST_STEP][PASSED] - submit(findTestObject("Page_CURA Healthcare Service/button_Book Appointment")): The form containing object: 'Object Repository/Page_CURA Healthcare Service/button_Book Appointment' is submitted

2023-10-12 17:23:12 - [MESSAGE][PASSED] - The form containing object: 'Object Repository/Page_CURA Healthcare Service/button_Book Appointment' is submitted

2023-10-12 17:23:12 - [TEST_STEP][PASSED] - takeScreenshot("C:\desktop\booking_confirm.jpg"): Taking screenshot successfully

2023-10-12 17:23:12 - [MESSAGE][PASSED] - Taking screenshot successfully
[[ATTACHMENT|C:\desktop\booking_confirm.jpg]]

2023-10-12 17:23:12 - [TEST_STEP][PASSED] - click(findTestObject("Page_CURA Healthcare Service/Menu")): Object: 'Object Repository/Page_CURA Healthcare Service/Menu' is clicked on

2023-10-12 17:23:13 - [MESSAGE][PASSED] - Object: 'Object Repository/Page_CURA Healthcare Service/Menu' is clicked on

2023-10-12 17:23:13 - [TEST_STEP][PASSED] - click(findTestObject("Page_CURA Healthcare Service/Logout")): Object: 'Object Repository/Page_CURA Healthcare Service/Logout' is clicked on

2023-10-12 17:23:14 - [MESSAGE][PASSED] - Object: 'Object Repository/Page_CURA Healthcare Service/Logout' is clicked on

2023-10-12 17:23:14 - [TEST_STEP][PASSED] - delay(3): Delayed 3 second(s)

2023-10-12 17:23:17 - [MESSAGE][PASSED] - Delayed 3 second(s)

2023-10-12 17:23:17 - [TEST_STEP][PASSED] - Start listener action : sampleAfterTestCase: null]]></system-out>
         <system-err><![CDATA[]]></system-err>
      </testcase>
      <testcase name="Test Cases/Data Driven/TC30 - Data Driven_CURA" time="15.147" classname="Test Cases/Data Driven/TC30 - Data Driven_CURA" status="PASSED">
         <system-out><![CDATA[2023-10-12 17:23:17 - [TEST_CASE][PASSED] - Test Cases/Data Driven/TC30 - Data Driven_CURA: Test Cases/Data Driven/TC30 - Data Driven_CURA

2023-10-12 17:23:17 - [TEST_STEP][PASSED] - openBrowser("https://katalon-demo-cura.herokuapp.com/profile.php#login"): Browser is opened with url: 'https://katalon-demo-cura.herokuapp.com/profile.php#login'

2023-10-12 17:23:17 - [MESSAGE][WARNING] - A browser is already opened. Closing browser and opening a new one

2023-10-12 17:23:17 - [MESSAGE][INFO] - Starting 'Chrome' driver

2023-10-12 17:23:18 - [MESSAGE][INFO] - Action delay is set to 0 milliseconds

2023-10-12 17:23:21 - [MESSAGE][PASSED] - Browser is opened with url: 'https://katalon-demo-cura.herokuapp.com/profile.php#login'

2023-10-12 17:23:21 - [TEST_STEP][PASSED] - setText(findTestObject("Page_CURA Healthcare Service/input_Username"), UserName): Text 'John Doe' is set on object 'Object Repository/Page_CURA Healthcare Service/input_Username'

2023-10-12 17:23:22 - [MESSAGE][PASSED] - Text 'John Doe' is set on object 'Object Repository/Page_CURA Healthcare Service/input_Username'

2023-10-12 17:23:22 - [TEST_STEP][PASSED] - setText(findTestObject("Page_CURA Healthcare Service/input_Password"), Password): Text 'ThisIsNotAPassword' is set on object 'Object Repository/Page_CURA Healthcare Service/input_Password'

2023-10-12 17:23:22 - [MESSAGE][PASSED] - Text 'ThisIsNotAPassword' is set on object 'Object Repository/Page_CURA Healthcare Service/input_Password'

2023-10-12 17:23:22 - [TEST_STEP][PASSED] - click(findTestObject("Page_CURA Healthcare Service/Login_Btn")): Object: 'Object Repository/Page_CURA Healthcare Service/Login_Btn' is clicked on

2023-10-12 17:23:23 - [MESSAGE][PASSED] - Object: 'Object Repository/Page_CURA Healthcare Service/Login_Btn' is clicked on

2023-10-12 17:23:23 - [TEST_STEP][PASSED] - selectOptionByValue(findTestObject("Page_CURA Healthcare Service/select_Healthcare Center"), HealthCenter, false): All options with value 'Tokyo CURA Healthcare Center' are selected in object 'Object Repository/Page_CURA Healthcare Service/select_Healthcare Center' 

2023-10-12 17:23:24 - [MESSAGE][PASSED] - All options with value 'Tokyo CURA Healthcare Center' are selected in object 'Object Repository/Page_CURA Healthcare Service/select_Healthcare Center' 

2023-10-12 17:23:24 - [TEST_STEP][PASSED] - check(findTestObject("Page_CURA Healthcare Service/Hospital readmission")): Object 'Object Repository/Page_CURA Healthcare Service/Hospital readmission' is checked

2023-10-12 17:23:25 - [MESSAGE][PASSED] - Object 'Object Repository/Page_CURA Healthcare Service/Hospital readmission' is checked

2023-10-12 17:23:25 - [TEST_STEP][PASSED] - click(findTestObject("Page_CURA Healthcare Service/input_None_programs")): Object: 'Object Repository/Page_CURA Healthcare Service/input_None_programs' is clicked on

2023-10-12 17:23:25 - [MESSAGE][PASSED] - Object: 'Object Repository/Page_CURA Healthcare Service/input_None_programs' is clicked on

2023-10-12 17:23:25 - [TEST_STEP][PASSED] - setText(findTestObject("Page_CURA Healthcare Service/input_Visit Date"), VisitDate): Text '27/10/2023' is set on object 'Object Repository/Page_CURA Healthcare Service/input_Visit Date'

2023-10-12 17:23:26 - [MESSAGE][PASSED] - Text '27/10/2023' is set on object 'Object Repository/Page_CURA Healthcare Service/input_Visit Date'

2023-10-12 17:23:26 - [TEST_STEP][PASSED] - setText(findTestObject("Page_CURA Healthcare Service/Comment"), Comment): Text 'Testing Appointment 2' is set on object 'Object Repository/Page_CURA Healthcare Service/Comment'

2023-10-12 17:23:27 - [MESSAGE][PASSED] - Text 'Testing Appointment 2' is set on object 'Object Repository/Page_CURA Healthcare Service/Comment'

2023-10-12 17:23:27 - [TEST_STEP][PASSED] - submit(findTestObject("Page_CURA Healthcare Service/button_Book Appointment")): The form containing object: 'Object Repository/Page_CURA Healthcare Service/button_Book Appointment' is submitted

2023-10-12 17:23:27 - [MESSAGE][PASSED] - The form containing object: 'Object Repository/Page_CURA Healthcare Service/button_Book Appointment' is submitted

2023-10-12 17:23:27 - [TEST_STEP][PASSED] - takeScreenshot("C:\desktop\booking_confirm.jpg"): Taking screenshot successfully

2023-10-12 17:23:28 - [MESSAGE][PASSED] - Taking screenshot successfully
[[ATTACHMENT|C:\desktop\booking_confirm.jpg]]

2023-10-12 17:23:28 - [TEST_STEP][PASSED] - click(findTestObject("Page_CURA Healthcare Service/Menu")): Object: 'Object Repository/Page_CURA Healthcare Service/Menu' is clicked on

2023-10-12 17:23:28 - [MESSAGE][PASSED] - Object: 'Object Repository/Page_CURA Healthcare Service/Menu' is clicked on

2023-10-12 17:23:28 - [TEST_STEP][PASSED] - click(findTestObject("Page_CURA Healthcare Service/Logout")): Object: 'Object Repository/Page_CURA Healthcare Service/Logout' is clicked on

2023-10-12 17:23:29 - [MESSAGE][PASSED] - Object: 'Object Repository/Page_CURA Healthcare Service/Logout' is clicked on

2023-10-12 17:23:29 - [TEST_STEP][PASSED] - delay(3): Delayed 3 second(s)

2023-10-12 17:23:32 - [MESSAGE][PASSED] - Delayed 3 second(s)

2023-10-12 17:23:32 - [TEST_STEP][PASSED] - Start listener action : sampleAfterTestCase: null]]></system-out>
         <system-err><![CDATA[]]></system-err>
      </testcase>
      <testcase name="Test Cases/Data Driven/TC30 - Data Driven_CURA" time="15.41" classname="Test Cases/Data Driven/TC30 - Data Driven_CURA" status="PASSED">
         <system-out><![CDATA[2023-10-12 17:23:32 - [TEST_CASE][PASSED] - Test Cases/Data Driven/TC30 - Data Driven_CURA: Test Cases/Data Driven/TC30 - Data Driven_CURA

2023-10-12 17:23:32 - [TEST_STEP][PASSED] - openBrowser("https://katalon-demo-cura.herokuapp.com/profile.php#login"): Browser is opened with url: 'https://katalon-demo-cura.herokuapp.com/profile.php#login'

2023-10-12 17:23:32 - [MESSAGE][WARNING] - A browser is already opened. Closing browser and opening a new one

2023-10-12 17:23:33 - [MESSAGE][INFO] - Starting 'Chrome' driver

2023-10-12 17:23:33 - [MESSAGE][INFO] - Action delay is set to 0 milliseconds

2023-10-12 17:23:36 - [MESSAGE][PASSED] - Browser is opened with url: 'https://katalon-demo-cura.herokuapp.com/profile.php#login'

2023-10-12 17:23:36 - [TEST_STEP][PASSED] - setText(findTestObject("Page_CURA Healthcare Service/input_Username"), UserName): Text 'John Doe' is set on object 'Object Repository/Page_CURA Healthcare Service/input_Username'

2023-10-12 17:23:37 - [MESSAGE][PASSED] - Text 'John Doe' is set on object 'Object Repository/Page_CURA Healthcare Service/input_Username'

2023-10-12 17:23:37 - [TEST_STEP][PASSED] - setText(findTestObject("Page_CURA Healthcare Service/input_Password"), Password): Text 'ThisIsNotAPassword' is set on object 'Object Repository/Page_CURA Healthcare Service/input_Password'

2023-10-12 17:23:38 - [MESSAGE][PASSED] - Text 'ThisIsNotAPassword' is set on object 'Object Repository/Page_CURA Healthcare Service/input_Password'

2023-10-12 17:23:38 - [TEST_STEP][PASSED] - click(findTestObject("Page_CURA Healthcare Service/Login_Btn")): Object: 'Object Repository/Page_CURA Healthcare Service/Login_Btn' is clicked on

2023-10-12 17:23:39 - [MESSAGE][PASSED] - Object: 'Object Repository/Page_CURA Healthcare Service/Login_Btn' is clicked on

2023-10-12 17:23:39 - [TEST_STEP][PASSED] - selectOptionByValue(findTestObject("Page_CURA Healthcare Service/select_Healthcare Center"), HealthCenter, false): All options with value 'Seoul CURA Healthcare Center' are selected in object 'Object Repository/Page_CURA Healthcare Service/select_Healthcare Center' 

2023-10-12 17:23:40 - [MESSAGE][PASSED] - All options with value 'Seoul CURA Healthcare Center' are selected in object 'Object Repository/Page_CURA Healthcare Service/select_Healthcare Center' 

2023-10-12 17:23:40 - [TEST_STEP][PASSED] - check(findTestObject("Page_CURA Healthcare Service/Hospital readmission")): Object 'Object Repository/Page_CURA Healthcare Service/Hospital readmission' is checked

2023-10-12 17:23:40 - [MESSAGE][PASSED] - Object 'Object Repository/Page_CURA Healthcare Service/Hospital readmission' is checked

2023-10-12 17:23:40 - [TEST_STEP][PASSED] - click(findTestObject("Page_CURA Healthcare Service/input_None_programs")): Object: 'Object Repository/Page_CURA Healthcare Service/input_None_programs' is clicked on

2023-10-12 17:23:40 - [MESSAGE][PASSED] - Object: 'Object Repository/Page_CURA Healthcare Service/input_None_programs' is clicked on

2023-10-12 17:23:40 - [TEST_STEP][PASSED] - setText(findTestObject("Page_CURA Healthcare Service/input_Visit Date"), VisitDate): Text '29/10/2023' is set on object 'Object Repository/Page_CURA Healthcare Service/input_Visit Date'

2023-10-12 17:23:41 - [MESSAGE][PASSED] - Text '29/10/2023' is set on object 'Object Repository/Page_CURA Healthcare Service/input_Visit Date'

2023-10-12 17:23:41 - [TEST_STEP][PASSED] - setText(findTestObject("Page_CURA Healthcare Service/Comment"), Comment): Text 'Testing Appointment 3' is set on object 'Object Repository/Page_CURA Healthcare Service/Comment'

2023-10-12 17:23:42 - [MESSAGE][PASSED] - Text 'Testing Appointment 3' is set on object 'Object Repository/Page_CURA Healthcare Service/Comment'

2023-10-12 17:23:42 - [TEST_STEP][PASSED] - submit(findTestObject("Page_CURA Healthcare Service/button_Book Appointment")): The form containing object: 'Object Repository/Page_CURA Healthcare Service/button_Book Appointment' is submitted

2023-10-12 17:23:42 - [MESSAGE][PASSED] - The form containing object: 'Object Repository/Page_CURA Healthcare Service/button_Book Appointment' is submitted

2023-10-12 17:23:42 - [TEST_STEP][PASSED] - takeScreenshot("C:\desktop\booking_confirm.jpg"): Taking screenshot successfully

2023-10-12 17:23:43 - [MESSAGE][PASSED] - Taking screenshot successfully
[[ATTACHMENT|C:\desktop\booking_confirm.jpg]]

2023-10-12 17:23:43 - [TEST_STEP][PASSED] - click(findTestObject("Page_CURA Healthcare Service/Menu")): Object: 'Object Repository/Page_CURA Healthcare Service/Menu' is clicked on

2023-10-12 17:23:43 - [MESSAGE][PASSED] - Object: 'Object Repository/Page_CURA Healthcare Service/Menu' is clicked on

2023-10-12 17:23:43 - [TEST_STEP][PASSED] - click(findTestObject("Page_CURA Healthcare Service/Logout")): Object: 'Object Repository/Page_CURA Healthcare Service/Logout' is clicked on

2023-10-12 17:23:44 - [MESSAGE][PASSED] - Object: 'Object Repository/Page_CURA Healthcare Service/Logout' is clicked on

2023-10-12 17:23:44 - [TEST_STEP][PASSED] - delay(3): Delayed 3 second(s)

2023-10-12 17:23:47 - [MESSAGE][PASSED] - Delayed 3 second(s)

2023-10-12 17:23:47 - [TEST_STEP][PASSED] - Start listener action : sampleAfterTestCase: null]]></system-out>
         <system-err><![CDATA[]]></system-err>
      </testcase>
      <system-out><![CDATA[2023-10-12 17:22:57 - [TEST_SUITE][PASSED] - Book Apointment: Test Cases/Data Driven/TC30 - Data Driven_CURA]]></system-out>
      <system-err><![CDATA[]]></system-err>
   </testsuite>
</testsuites>
