<?xml version="1.0" encoding="UTF-8"?>
<testsuites name="BlazeDemo" time="21.243" tests="1" failures="0" errors="0">
   <testsuite name="BlazeDemo" tests="1" failures="0" errors="0" time="21.243" skipped="0" timestamp="2023-10-12 17:20:03" hostname="yyd78 - YYD-DELL-01" id="Test Suites/BlazeDemo">
      <properties>
         <property name="deviceName" value=""/>
         <property name="devicePlatform" value=""/>
         <property name="logFolder" value="C:\\Users\\yyd78\\git\\SG_Proj\\Reports\\20231012_171816\\BlazeDemo\\20231012_171822"/>
         <property name="logFiles" value="C:\\Users\\yyd78\\git\\SG_Proj\\Reports\\20231012_171816\\BlazeDemo\\20231012_171822\\execution0.log"/>
         <property name="attachments" value="C:\desktop\Purchase Confirm.jpg"/>
         <property name="hostName" value="yyd78 - YYD-DELL-01"/>
         <property name="os" value="Windows 11 64bit"/>
         <property name="katalonVersion" value="8.6.8.208"/>
         <property name="browser" value="Chrome 117.0.0.0"/>
         <property name="hostAddress" value="192.168.0.86"/>
         <property name="sessionId" value="9ebd06c607a5657c38acaa3e234cb04f"/>
         <property name="seleniumVersion" value="3.141.59"/>
         <property name="proxyInformation" value="ProxyInformation { proxyOption=NO_PROXY, proxyServerType=HTTP, username=, password=********, proxyServerAddress=, proxyServerPort=0, executionList=&quot;&quot;, isApplyToDesiredCapabilities=true }"/>
         <property name="platform" value="Windows 11"/>
      </properties>
      <testcase name="Test Cases/BlazeDemo/TC30-BookFlight" time="21.051" classname="Test Cases/BlazeDemo/TC30-BookFlight" status="PASSED">
         <system-out><![CDATA[2023-10-12 17:20:03 - [TEST_CASE][PASSED] - Test Cases/BlazeDemo/TC30-BookFlight: Test Cases/BlazeDemo/TC30-BookFlight

2023-10-12 17:20:04 - [TEST_STEP][PASSED] - openBrowser(url): Browser is opened with url: 'https://blazedemo.com/'

2023-10-12 17:20:04 - [MESSAGE][INFO] - Starting 'Chrome' driver

2023-10-12 17:20:04 - [MESSAGE][INFO] - Action delay is set to 0 milliseconds

2023-10-12 17:20:11 - [MESSAGE][PASSED] - Browser is opened with url: 'https://blazedemo.com/'

2023-10-12 17:20:11 - [TEST_STEP][PASSED] - deleteAllCookies(): Delete all cookies successfully

2023-10-12 17:20:11 - [MESSAGE][PASSED] - Delete all cookies successfully

2023-10-12 17:20:11 - [TEST_STEP][PASSED] - maximizeWindow(): Current window maximized

2023-10-12 17:20:11 - [MESSAGE][PASSED] - Current window maximized

2023-10-12 17:20:11 - [TEST_STEP][PASSED] - selectOptionByValue(findTestObject("BlazeDemo/Page_BlazeDemo/Departure_City"), Departure_City, false): All options with value 'Portland' are selected in object 'Object Repository/BlazeDemo/Page_BlazeDemo/Departure_City' 

2023-10-12 17:20:12 - [MESSAGE][PASSED] - All options with value 'Portland' are selected in object 'Object Repository/BlazeDemo/Page_BlazeDemo/Departure_City' 

2023-10-12 17:20:12 - [TEST_STEP][PASSED] - selectOptionByValue(findTestObject("BlazeDemo/Page_BlazeDemo/Destination_City"), Destination_City, false): All options with value 'Dublin' are selected in object 'Object Repository/BlazeDemo/Page_BlazeDemo/Destination_City' 

2023-10-12 17:20:13 - [MESSAGE][PASSED] - All options with value 'Dublin' are selected in object 'Object Repository/BlazeDemo/Page_BlazeDemo/Destination_City' 

2023-10-12 17:20:13 - [TEST_STEP][PASSED] - click(findTestObject("BlazeDemo/Page_BlazeDemo/Find Flights")): Object: 'Object Repository/BlazeDemo/Page_BlazeDemo/Find Flights' is clicked on

2023-10-12 17:20:13 - [MESSAGE][PASSED] - Object: 'Object Repository/BlazeDemo/Page_BlazeDemo/Find Flights' is clicked on

2023-10-12 17:20:13 - [TEST_STEP][PASSED] - click(findTestObject("BlazeDemo/Page_BlazeDemo - reserve/Choose Flight")): Object: 'Object Repository/BlazeDemo/Page_BlazeDemo - reserve/Choose Flight' is clicked on

2023-10-12 17:20:14 - [MESSAGE][PASSED] - Object: 'Object Repository/BlazeDemo/Page_BlazeDemo - reserve/Choose Flight' is clicked on

2023-10-12 17:20:14 - [TEST_STEP][PASSED] - setText(findTestObject("BlazeDemo/Page_BlazeDemo Purchase/Name"), "Kelvin"): Text 'Kelvin' is set on object 'Object Repository/BlazeDemo/Page_BlazeDemo Purchase/Name'

2023-10-12 17:20:15 - [MESSAGE][PASSED] - Text 'Kelvin' is set on object 'Object Repository/BlazeDemo/Page_BlazeDemo Purchase/Name'

2023-10-12 17:20:15 - [TEST_STEP][PASSED] - setText(findTestObject("BlazeDemo/Page_BlazeDemo Purchase/Address"), "Tampines"): Text 'Tampines' is set on object 'Object Repository/BlazeDemo/Page_BlazeDemo Purchase/Address'

2023-10-12 17:20:16 - [MESSAGE][PASSED] - Text 'Tampines' is set on object 'Object Repository/BlazeDemo/Page_BlazeDemo Purchase/Address'

2023-10-12 17:20:16 - [TEST_STEP][PASSED] - setText(findTestObject("BlazeDemo/Page_BlazeDemo Purchase/City"), "Singapore"): Text 'Singapore' is set on object 'Object Repository/BlazeDemo/Page_BlazeDemo Purchase/City'

2023-10-12 17:20:16 - [MESSAGE][PASSED] - Text 'Singapore' is set on object 'Object Repository/BlazeDemo/Page_BlazeDemo Purchase/City'

2023-10-12 17:20:16 - [TEST_STEP][PASSED] - setText(findTestObject("BlazeDemo/Page_BlazeDemo Purchase/State"), "NA"): Text 'NA' is set on object 'Object Repository/BlazeDemo/Page_BlazeDemo Purchase/State'

2023-10-12 17:20:17 - [MESSAGE][PASSED] - Text 'NA' is set on object 'Object Repository/BlazeDemo/Page_BlazeDemo Purchase/State'

2023-10-12 17:20:17 - [TEST_STEP][PASSED] - setText(findTestObject("BlazeDemo/Page_BlazeDemo Purchase/ZipCode"), "520915"): Text '520915' is set on object 'Object Repository/BlazeDemo/Page_BlazeDemo Purchase/ZipCode'

2023-10-12 17:20:18 - [MESSAGE][PASSED] - Text '520915' is set on object 'Object Repository/BlazeDemo/Page_BlazeDemo Purchase/ZipCode'

2023-10-12 17:20:18 - [TEST_STEP][PASSED] - selectOptionByIndex(findTestObject("BlazeDemo/Page_BlazeDemo Purchase/Card_Type"), 2, CONTINUE_ON_FAILURE): All options with index in [2] are selected on object 'Object Repository/BlazeDemo/Page_BlazeDemo Purchase/Card_Type'

2023-10-12 17:20:18 - [MESSAGE][PASSED] - All options with index in [2] are selected on object 'Object Repository/BlazeDemo/Page_BlazeDemo Purchase/Card_Type'

2023-10-12 17:20:18 - [TEST_STEP][PASSED] - setText(findTestObject("BlazeDemo/Page_BlazeDemo Purchase/CreditCardNumber"), "76347826489"): Text '76347826489' is set on object 'Object Repository/BlazeDemo/Page_BlazeDemo Purchase/CreditCardNumber'

2023-10-12 17:20:19 - [MESSAGE][PASSED] - Text '76347826489' is set on object 'Object Repository/BlazeDemo/Page_BlazeDemo Purchase/CreditCardNumber'

2023-10-12 17:20:19 - [TEST_STEP][PASSED] - setText(findTestObject("BlazeDemo/Page_BlazeDemo Purchase/CreditCardMonth"), "12"): Text '12' is set on object 'Object Repository/BlazeDemo/Page_BlazeDemo Purchase/CreditCardMonth'

2023-10-12 17:20:20 - [MESSAGE][PASSED] - Text '12' is set on object 'Object Repository/BlazeDemo/Page_BlazeDemo Purchase/CreditCardMonth'

2023-10-12 17:20:20 - [TEST_STEP][PASSED] - setText(findTestObject("BlazeDemo/Page_BlazeDemo Purchase/CreditCardYear"), "2025"): Text '2025' is set on object 'Object Repository/BlazeDemo/Page_BlazeDemo Purchase/CreditCardYear'

2023-10-12 17:20:20 - [MESSAGE][PASSED] - Text '2025' is set on object 'Object Repository/BlazeDemo/Page_BlazeDemo Purchase/CreditCardYear'

2023-10-12 17:20:20 - [TEST_STEP][PASSED] - setText(findTestObject("BlazeDemo/Page_BlazeDemo Purchase/NameOnCard"), "Kelvin Gan"): Text 'Kelvin Gan' is set on object 'Object Repository/BlazeDemo/Page_BlazeDemo Purchase/NameOnCard'

2023-10-12 17:20:21 - [MESSAGE][PASSED] - Text 'Kelvin Gan' is set on object 'Object Repository/BlazeDemo/Page_BlazeDemo Purchase/NameOnCard'

2023-10-12 17:20:21 - [TEST_STEP][PASSED] - click(findTestObject("BlazeDemo/Page_BlazeDemo Purchase/RememberMe")): Object: 'Object Repository/BlazeDemo/Page_BlazeDemo Purchase/RememberMe' is clicked on

2023-10-12 17:20:21 - [MESSAGE][PASSED] - Object: 'Object Repository/BlazeDemo/Page_BlazeDemo Purchase/RememberMe' is clicked on

2023-10-12 17:20:21 - [TEST_STEP][PASSED] - verifyElementChecked(findTestObject("BlazeDemo/Page_BlazeDemo Purchase/RememberMe"), 1): Object 'Object Repository/BlazeDemo/Page_BlazeDemo Purchase/RememberMe' is checked

2023-10-12 17:20:22 - [MESSAGE][PASSED] - Object 'Object Repository/BlazeDemo/Page_BlazeDemo Purchase/RememberMe' is checked

2023-10-12 17:20:22 - [TEST_STEP][PASSED] - click(findTestObject("BlazeDemo/Page_BlazeDemo Purchase/Purchase Flight")): Object: 'Object Repository/BlazeDemo/Page_BlazeDemo Purchase/Purchase Flight' is clicked on

2023-10-12 17:20:23 - [MESSAGE][PASSED] - Object: 'Object Repository/BlazeDemo/Page_BlazeDemo Purchase/Purchase Flight' is clicked on

2023-10-12 17:20:23 - [TEST_STEP][PASSED] - verifyTextPresent("Thank you for your purchase today!", false): Text 'Thank you for your purchase today!' is present on page 

2023-10-12 17:20:23 - [MESSAGE][PASSED] - Text 'Thank you for your purchase today!' is present on page 

2023-10-12 17:20:23 - [TEST_STEP][PASSED] - takeScreenshot("C:\desktop\Purchase Confirm.jpg"): Taking screenshot successfully

2023-10-12 17:20:24 - [MESSAGE][PASSED] - Taking screenshot successfully
[[ATTACHMENT|C:\desktop\Purchase Confirm.jpg]]

2023-10-12 17:20:24 - [TEST_STEP][PASSED] - closeBrowser(): Browser is closed

2023-10-12 17:20:24 - [MESSAGE][PASSED] - Browser is closed

2023-10-12 17:20:24 - [TEST_STEP][PASSED] - Start listener action : sampleAfterTestCase: null]]></system-out>
         <system-err><![CDATA[]]></system-err>
      </testcase>
      <system-out><![CDATA[2023-10-12 17:20:03 - [TEST_SUITE][PASSED] - BlazeDemo: Test Cases/BlazeDemo/TC30-BookFlight]]></system-out>
      <system-err><![CDATA[]]></system-err>
   </testsuite>
</testsuites>
