<?xml version="1.0" encoding="UTF-8"?>
<testsuites name="Multiple Browser" time="143.641" tests="6" failures="0" errors="0">
   <testsuite name="Test_Suite_1" tests="2" failures="0" errors="0" time="31.422" skipped="0" timestamp="2023-10-11 15:18:37" hostname="yyd78 - YYD-DELL-01" id="Test Suites/Test_Suite_1">
      <properties>
         <property name="deviceName" value=""/>
         <property name="devicePlatform" value=""/>
         <property name="logFolder" value="C:\\Users\\yyd78\\git\\SG_Proj\\Reports\\20231011_151823\\Test_Suite_1\\20231011_151824"/>
         <property name="logFiles" value="C:\\Users\\yyd78\\git\\SG_Proj\\Reports\\20231011_151823\\Test_Suite_1\\20231011_151824\\execution0.log"/>
         <property name="attachments" value="C:\desktop\screenshot.png"/>
         <property name="hostName" value="yyd78 - YYD-DELL-01"/>
         <property name="os" value="Windows 11 64bit"/>
         <property name="katalonVersion" value="8.6.8.208"/>
         <property name="browser" value="Chrome 117.0.0.0"/>
         <property name="hostAddress" value="192.168.0.86"/>
         <property name="sessionId" value="4477da0e0a57d5afbee5a911ca5b9f92"/>
         <property name="seleniumVersion" value="3.141.59"/>
         <property name="proxyInformation" value="ProxyInformation { proxyOption=NO_PROXY, proxyServerType=HTTP, username=, password=********, proxyServerAddress=, proxyServerPort=0, executionList=&quot;&quot;, isApplyToDesiredCapabilities=true }"/>
         <property name="platform" value="Windows 11"/>
      </properties>
      <testcase name="Test Cases/File Upload/TC12 - File upload" time="9.756" classname="Test Cases/File Upload/TC12 - File upload" status="PASSED">
         <system-out><![CDATA[2023-10-11 15:18:37 - [TEST_CASE][PASSED] - Test Cases/File Upload/TC12 - File upload: Test Cases/File Upload/TC12 - File upload

2023-10-11 15:18:38 - [TEST_STEP][PASSED] - openBrowser("https://cgi-lib.berkeley.edu/ex/fup.html"): Browser is opened with url: 'https://cgi-lib.berkeley.edu/ex/fup.html'

2023-10-11 15:18:38 - [MESSAGE][INFO] - Starting 'Chrome' driver

2023-10-11 15:18:38 - [MESSAGE][INFO] - Action delay is set to 0 milliseconds

2023-10-11 15:18:41 - [MESSAGE][PASSED] - Browser is opened with url: 'https://cgi-lib.berkeley.edu/ex/fup.html'

2023-10-11 15:18:41 - [TEST_STEP][PASSED] - uploadFile(findTestObject("ChooseFile_btn"), "C:\Users\yyd78\Desktop\sample.txt"): File 'C:\Users\yyd78\Desktop\sample.txt' sent to object: 'Object Repository/ChooseFile_btn'

2023-10-11 15:18:41 - [MESSAGE][PASSED] - File 'C:\Users\yyd78\Desktop\sample.txt' sent to object: 'Object Repository/ChooseFile_btn'

2023-10-11 15:18:41 - [TEST_STEP][PASSED] - click(findTestObject("Press_btn")): Object: 'Object Repository/Press_btn' is clicked on

2023-10-11 15:18:42 - [MESSAGE][PASSED] - Object: 'Object Repository/Press_btn' is clicked on

2023-10-11 15:18:42 - [TEST_STEP][PASSED] - verifyTextPresent("File Upload Results", true): Text 'File Upload Results' is present on page  using regular expression

2023-10-11 15:18:42 - [MESSAGE][PASSED] - Text 'File Upload Results' is present on page  using regular expression

2023-10-11 15:18:42 - [TEST_STEP][PASSED] - delay(4): Delayed 4 second(s)

2023-10-11 15:18:46 - [MESSAGE][PASSED] - Delayed 4 second(s)

2023-10-11 15:18:46 - [TEST_STEP][PASSED] - closeBrowser(): Browser is closed

2023-10-11 15:18:47 - [MESSAGE][PASSED] - Browser is closed]]></system-out>
         <system-err><![CDATA[]]></system-err>
      </testcase>
      <testcase name="Test Cases/File Upload/TC13-File Download" time="21.435" classname="Test Cases/File Upload/TC13-File Download" status="PASSED">
         <system-out><![CDATA[2023-10-11 15:18:47 - [TEST_CASE][PASSED] - Test Cases/File Upload/TC13-File Download: Test Cases/File Upload/TC13-File Download

2023-10-11 15:18:47 - [TEST_STEP][PASSED] - openBrowser("https://file-examples.com/index.php/sample-documents-download/"): Browser is opened with url: 'https://file-examples.com/index.php/sample-documents-download/'

2023-10-11 15:18:47 - [MESSAGE][INFO] - Starting 'Chrome' driver

2023-10-11 15:18:47 - [MESSAGE][INFO] - Action delay is set to 0 milliseconds

2023-10-11 15:18:52 - [MESSAGE][PASSED] - Browser is opened with url: 'https://file-examples.com/index.php/sample-documents-download/'

2023-10-11 15:18:52 - [TEST_STEP][PASSED] - maximizeWindow(): Current window maximized

2023-10-11 15:18:52 - [MESSAGE][PASSED] - Current window maximized

2023-10-11 15:18:52 - [TEST_STEP][PASSED] - scrollToElement(findTestObject("PDFDownload"), 3): Scroll to object 'Object Repository/PDFDownload' successfully

2023-10-11 15:18:53 - [MESSAGE][PASSED] - Scroll to object 'Object Repository/PDFDownload' successfully

2023-10-11 15:18:53 - [TEST_STEP][PASSED] - click(findTestObject("PDFDownload")): Object: 'Object Repository/PDFDownload' is clicked on

2023-10-11 15:18:56 - [MESSAGE][PASSED] - Object: 'Object Repository/PDFDownload' is clicked on

2023-10-11 15:18:56 - [TEST_STEP][PASSED] - scrollToPosition(0, 600): Browser is scrolled to position x = 0, y = 600

2023-10-11 15:18:56 - [MESSAGE][PASSED] - Browser is scrolled to position x = 0, y = 600

2023-10-11 15:18:56 - [TEST_STEP][PASSED] - click(findTestObject("150k_dl")): Object: 'Object Repository/150k_dl' is clicked on

2023-10-11 15:19:02 - [MESSAGE][PASSED] - Object: 'Object Repository/150k_dl' is clicked on

2023-10-11 15:19:02 - [TEST_STEP][PASSED] - delay(5): Delayed 5 second(s)

2023-10-11 15:19:07 - [MESSAGE][PASSED] - Delayed 5 second(s)

2023-10-11 15:19:07 - [TEST_STEP][PASSED] - takeScreenshot("C:\desktop\screenshot.png"): Taking screenshot successfully

2023-10-11 15:19:08 - [MESSAGE][PASSED] - Taking screenshot successfully
[[ATTACHMENT|C:\desktop\screenshot.png]]

2023-10-11 15:19:08 - [TEST_STEP][PASSED] - closeBrowser(): Browser is closed

2023-10-11 15:19:09 - [MESSAGE][PASSED] - Browser is closed]]></system-out>
         <system-err><![CDATA[]]></system-err>
      </testcase>
      <system-out><![CDATA[2023-10-11 15:18:37 - [TEST_SUITE][PASSED] - Test_Suite_1: Test Cases/File Upload/TC13-File Download]]></system-out>
      <system-err><![CDATA[]]></system-err>
   </testsuite>
   <testsuite name="Test_Suite_1" tests="2" failures="0" errors="0" time="32.575" skipped="0" timestamp="2023-10-11 15:19:26" hostname="yyd78 - YYD-DELL-01" id="Test Suites/Test_Suite_1">
      <properties>
         <property name="deviceName" value=""/>
         <property name="devicePlatform" value=""/>
         <property name="logFolder" value="C:\\Users\\yyd78\\git\\SG_Proj\\Reports\\20231011_151823\\Test_Suite_1\\20231011_151826"/>
         <property name="logFiles" value="C:\\Users\\yyd78\\git\\SG_Proj\\Reports\\20231011_151823\\Test_Suite_1\\20231011_151826\\execution0.log"/>
         <property name="attachments" value="C:\desktop\screenshot.png"/>
         <property name="hostName" value="yyd78 - YYD-DELL-01"/>
         <property name="os" value="Windows 11 64bit"/>
         <property name="katalonVersion" value="8.6.8.208"/>
         <property name="browser" value="Firefox 118.0"/>
         <property name="hostAddress" value="192.168.0.86"/>
         <property name="sessionId" value="8d7e3c48-bd44-4c69-9ef4-b3b936a9f594"/>
         <property name="seleniumVersion" value="3.141.59"/>
         <property name="proxyInformation" value="ProxyInformation { proxyOption=NO_PROXY, proxyServerType=HTTP, username=, password=********, proxyServerAddress=, proxyServerPort=0, executionList=&quot;&quot;, isApplyToDesiredCapabilities=true }"/>
         <property name="platform" value="Windows 11"/>
      </properties>
      <testcase name="Test Cases/File Upload/TC12 - File upload" time="12.591" classname="Test Cases/File Upload/TC12 - File upload" status="PASSED">
         <system-out><![CDATA[2023-10-11 15:19:26 - [TEST_CASE][PASSED] - Test Cases/File Upload/TC12 - File upload: Test Cases/File Upload/TC12 - File upload

2023-10-11 15:19:26 - [TEST_STEP][PASSED] - openBrowser("https://cgi-lib.berkeley.edu/ex/fup.html"): Browser is opened with url: 'https://cgi-lib.berkeley.edu/ex/fup.html'

2023-10-11 15:19:26 - [MESSAGE][INFO] - Starting 'Firefox' driver

2023-10-11 15:19:26 - [MESSAGE][INFO] - Action delay is set to 0 milliseconds

2023-10-11 15:19:32 - [MESSAGE][PASSED] - Browser is opened with url: 'https://cgi-lib.berkeley.edu/ex/fup.html'

2023-10-11 15:19:32 - [TEST_STEP][PASSED] - uploadFile(findTestObject("ChooseFile_btn"), "C:\Users\yyd78\Desktop\sample.txt"): File 'C:\Users\yyd78\Desktop\sample.txt' sent to object: 'Object Repository/ChooseFile_btn'

2023-10-11 15:19:32 - [MESSAGE][PASSED] - File 'C:\Users\yyd78\Desktop\sample.txt' sent to object: 'Object Repository/ChooseFile_btn'

2023-10-11 15:19:32 - [TEST_STEP][PASSED] - click(findTestObject("Press_btn")): Object: 'Object Repository/Press_btn' is clicked on

2023-10-11 15:19:33 - [MESSAGE][PASSED] - Object: 'Object Repository/Press_btn' is clicked on

2023-10-11 15:19:33 - [TEST_STEP][PASSED] - verifyTextPresent("File Upload Results", true): Text 'File Upload Results' is present on page  using regular expression

2023-10-11 15:19:33 - [MESSAGE][PASSED] - Text 'File Upload Results' is present on page  using regular expression

2023-10-11 15:19:33 - [TEST_STEP][PASSED] - delay(4): Delayed 4 second(s)

2023-10-11 15:19:37 - [MESSAGE][PASSED] - Delayed 4 second(s)

2023-10-11 15:19:37 - [TEST_STEP][PASSED] - closeBrowser(): Browser is closed

2023-10-11 15:19:38 - [MESSAGE][PASSED] - Browser is closed]]></system-out>
         <system-err><![CDATA[]]></system-err>
      </testcase>
      <testcase name="Test Cases/File Upload/TC13-File Download" time="19.745" classname="Test Cases/File Upload/TC13-File Download" status="PASSED">
         <system-out><![CDATA[2023-10-11 15:19:38 - [TEST_CASE][PASSED] - Test Cases/File Upload/TC13-File Download: Test Cases/File Upload/TC13-File Download

2023-10-11 15:19:39 - [TEST_STEP][PASSED] - openBrowser("https://file-examples.com/index.php/sample-documents-download/"): Browser is opened with url: 'https://file-examples.com/index.php/sample-documents-download/'

2023-10-11 15:19:39 - [MESSAGE][INFO] - Starting 'Firefox' driver

2023-10-11 15:19:39 - [MESSAGE][INFO] - Action delay is set to 0 milliseconds

2023-10-11 15:19:45 - [MESSAGE][PASSED] - Browser is opened with url: 'https://file-examples.com/index.php/sample-documents-download/'

2023-10-11 15:19:45 - [TEST_STEP][PASSED] - maximizeWindow(): Current window maximized

2023-10-11 15:19:46 - [MESSAGE][PASSED] - Current window maximized

2023-10-11 15:19:46 - [TEST_STEP][PASSED] - scrollToElement(findTestObject("PDFDownload"), 3): Scroll to object 'Object Repository/PDFDownload' successfully

2023-10-11 15:19:46 - [MESSAGE][PASSED] - Scroll to object 'Object Repository/PDFDownload' successfully

2023-10-11 15:19:46 - [TEST_STEP][PASSED] - click(findTestObject("PDFDownload")): Object: 'Object Repository/PDFDownload' is clicked on

2023-10-11 15:19:48 - [MESSAGE][PASSED] - Object: 'Object Repository/PDFDownload' is clicked on

2023-10-11 15:19:48 - [TEST_STEP][PASSED] - scrollToPosition(0, 600): Browser is scrolled to position x = 0, y = 600

2023-10-11 15:19:48 - [MESSAGE][PASSED] - Browser is scrolled to position x = 0, y = 600

2023-10-11 15:19:48 - [TEST_STEP][PASSED] - click(findTestObject("150k_dl")): Object: 'Object Repository/150k_dl' is clicked on

2023-10-11 15:19:52 - [MESSAGE][PASSED] - Object: 'Object Repository/150k_dl' is clicked on

2023-10-11 15:19:52 - [TEST_STEP][PASSED] - delay(5): Delayed 5 second(s)

2023-10-11 15:19:57 - [MESSAGE][PASSED] - Delayed 5 second(s)

2023-10-11 15:19:57 - [TEST_STEP][PASSED] - takeScreenshot("C:\desktop\screenshot.png"): Taking screenshot successfully

2023-10-11 15:19:57 - [MESSAGE][PASSED] - Taking screenshot successfully
[[ATTACHMENT|C:\desktop\screenshot.png]]

2023-10-11 15:19:57 - [TEST_STEP][PASSED] - closeBrowser(): Browser is closed

2023-10-11 15:19:58 - [MESSAGE][PASSED] - Browser is closed]]></system-out>
         <system-err><![CDATA[]]></system-err>
      </testcase>
      <system-out><![CDATA[2023-10-11 15:19:26 - [TEST_SUITE][PASSED] - Test_Suite_1: Test Cases/File Upload/TC13-File Download]]></system-out>
      <system-err><![CDATA[]]></system-err>
   </testsuite>
   <testsuite name="Test_Suite_1" tests="2" failures="0" errors="0" time="36.394" skipped="0" timestamp="2023-10-11 15:20:15" hostname="yyd78 - YYD-DELL-01" id="Test Suites/Test_Suite_1">
      <properties>
         <property name="deviceName" value=""/>
         <property name="devicePlatform" value=""/>
         <property name="logFolder" value="C:\\Users\\yyd78\\git\\SG_Proj\\Reports\\20231011_151823\\Test_Suite_1\\20231011_151828"/>
         <property name="logFiles" value="C:\\Users\\yyd78\\git\\SG_Proj\\Reports\\20231011_151823\\Test_Suite_1\\20231011_151828\\execution0.log"/>
         <property name="attachments" value="C:\desktop\screenshot.png"/>
         <property name="hostName" value="yyd78 - YYD-DELL-01"/>
         <property name="os" value="Windows 11 64bit"/>
         <property name="katalonVersion" value="8.6.8.208"/>
         <property name="browser" value="Edge Chromium 117"/>
         <property name="hostAddress" value="192.168.0.86"/>
         <property name="sessionId" value="5463966d4360ea60a1eb82cdac5010d2"/>
         <property name="seleniumVersion" value="3.141.59"/>
         <property name="proxyInformation" value="ProxyInformation { proxyOption=NO_PROXY, proxyServerType=HTTP, username=, password=********, proxyServerAddress=, proxyServerPort=0, executionList=&quot;&quot;, isApplyToDesiredCapabilities=true }"/>
         <property name="platform" value="Windows 11"/>
      </properties>
      <testcase name="Test Cases/File Upload/TC12 - File upload" time="10.013" classname="Test Cases/File Upload/TC12 - File upload" status="PASSED">
         <system-out><![CDATA[2023-10-11 15:20:15 - [TEST_CASE][PASSED] - Test Cases/File Upload/TC12 - File upload: Test Cases/File Upload/TC12 - File upload

2023-10-11 15:20:15 - [TEST_STEP][PASSED] - openBrowser("https://cgi-lib.berkeley.edu/ex/fup.html"): Browser is opened with url: 'https://cgi-lib.berkeley.edu/ex/fup.html'

2023-10-11 15:20:16 - [MESSAGE][INFO] - Starting 'Edge Chromium' driver

2023-10-11 15:20:16 - [MESSAGE][INFO] - Action delay is set to 0 milliseconds

2023-10-11 15:20:19 - [MESSAGE][PASSED] - Browser is opened with url: 'https://cgi-lib.berkeley.edu/ex/fup.html'

2023-10-11 15:20:19 - [TEST_STEP][PASSED] - uploadFile(findTestObject("ChooseFile_btn"), "C:\Users\yyd78\Desktop\sample.txt"): File 'C:\Users\yyd78\Desktop\sample.txt' sent to object: 'Object Repository/ChooseFile_btn'

2023-10-11 15:20:19 - [MESSAGE][PASSED] - File 'C:\Users\yyd78\Desktop\sample.txt' sent to object: 'Object Repository/ChooseFile_btn'

2023-10-11 15:20:19 - [TEST_STEP][PASSED] - click(findTestObject("Press_btn")): Object: 'Object Repository/Press_btn' is clicked on

2023-10-11 15:20:20 - [MESSAGE][PASSED] - Object: 'Object Repository/Press_btn' is clicked on

2023-10-11 15:20:20 - [TEST_STEP][PASSED] - verifyTextPresent("File Upload Results", true): Text 'File Upload Results' is present on page  using regular expression

2023-10-11 15:20:20 - [MESSAGE][PASSED] - Text 'File Upload Results' is present on page  using regular expression

2023-10-11 15:20:20 - [TEST_STEP][PASSED] - delay(4): Delayed 4 second(s)

2023-10-11 15:20:24 - [MESSAGE][PASSED] - Delayed 4 second(s)

2023-10-11 15:20:24 - [TEST_STEP][PASSED] - closeBrowser(): Browser is closed

2023-10-11 15:20:25 - [MESSAGE][PASSED] - Browser is closed]]></system-out>
         <system-err><![CDATA[]]></system-err>
      </testcase>
      <testcase name="Test Cases/File Upload/TC13-File Download" time="26.151" classname="Test Cases/File Upload/TC13-File Download" status="PASSED">
         <system-out><![CDATA[2023-10-11 15:20:25 - [TEST_CASE][PASSED] - Test Cases/File Upload/TC13-File Download: Test Cases/File Upload/TC13-File Download

2023-10-11 15:20:25 - [TEST_STEP][PASSED] - openBrowser("https://file-examples.com/index.php/sample-documents-download/"): Browser is opened with url: 'https://file-examples.com/index.php/sample-documents-download/'

2023-10-11 15:20:25 - [MESSAGE][INFO] - Starting 'Edge Chromium' driver

2023-10-11 15:20:26 - [MESSAGE][INFO] - Action delay is set to 0 milliseconds

2023-10-11 15:20:30 - [MESSAGE][PASSED] - Browser is opened with url: 'https://file-examples.com/index.php/sample-documents-download/'

2023-10-11 15:20:30 - [TEST_STEP][PASSED] - maximizeWindow(): Current window maximized

2023-10-11 15:20:30 - [MESSAGE][PASSED] - Current window maximized

2023-10-11 15:20:30 - [TEST_STEP][PASSED] - scrollToElement(findTestObject("PDFDownload"), 3): Scroll to object 'Object Repository/PDFDownload' successfully

2023-10-11 15:20:31 - [MESSAGE][PASSED] - Scroll to object 'Object Repository/PDFDownload' successfully

2023-10-11 15:20:31 - [TEST_STEP][PASSED] - click(findTestObject("PDFDownload")): Object: 'Object Repository/PDFDownload' is clicked on

2023-10-11 15:20:34 - [MESSAGE][PASSED] - Object: 'Object Repository/PDFDownload' is clicked on

2023-10-11 15:20:34 - [TEST_STEP][PASSED] - scrollToPosition(0, 600): Browser is scrolled to position x = 0, y = 600

2023-10-11 15:20:34 - [MESSAGE][PASSED] - Browser is scrolled to position x = 0, y = 600

2023-10-11 15:20:34 - [TEST_STEP][PASSED] - click(findTestObject("150k_dl")): Object: 'Object Repository/150k_dl' is clicked on

2023-10-11 15:20:45 - [MESSAGE][PASSED] - Object: 'Object Repository/150k_dl' is clicked on

2023-10-11 15:20:45 - [TEST_STEP][PASSED] - delay(5): Delayed 5 second(s)

2023-10-11 15:20:50 - [MESSAGE][PASSED] - Delayed 5 second(s)

2023-10-11 15:20:50 - [TEST_STEP][PASSED] - takeScreenshot("C:\desktop\screenshot.png"): Taking screenshot successfully

2023-10-11 15:20:50 - [MESSAGE][PASSED] - Taking screenshot successfully
[[ATTACHMENT|C:\desktop\screenshot.png]]

2023-10-11 15:20:50 - [TEST_STEP][PASSED] - closeBrowser(): Browser is closed

2023-10-11 15:20:51 - [MESSAGE][PASSED] - Browser is closed]]></system-out>
         <system-err><![CDATA[]]></system-err>
      </testcase>
      <system-out><![CDATA[2023-10-11 15:20:15 - [TEST_SUITE][PASSED] - Test_Suite_1: Test Cases/File Upload/TC13-File Download]]></system-out>
      <system-err><![CDATA[]]></system-err>
   </testsuite>
</testsuites>
