<?xml version="1.0" encoding="UTF-8"?>
<testsuites name="Book Apointment" time="57.97" tests="3" failures="0" errors="0">
   <testsuite name="Book Apointment" tests="3" failures="0" errors="0" time="57.97" skipped="0" timestamp="2023-10-11 18:57:25" hostname="yyd78 - YYD-DELL-01" id="Test Suites/CURA - Appointment/Book Apointment">
      <properties>
         <property name="deviceName" value=""/>
         <property name="devicePlatform" value=""/>
         <property name="logFolder" value="C:\\Users\\yyd78\\git\\SG_Proj\\Reports\\20231011_185715\\CURA - Appointment\\Book Apointment\\20231011_185715"/>
         <property name="logFiles" value="C:\\Users\\yyd78\\git\\SG_Proj\\Reports\\20231011_185715\\CURA - Appointment\\Book Apointment\\20231011_185715\\execution0.log"/>
         <property name="attachments" value="C:\desktop\booking_confirm.jpg, C:\desktop\booking_confirm.jpg, C:\desktop\booking_confirm.jpg"/>
         <property name="hostName" value="yyd78 - YYD-DELL-01"/>
         <property name="os" value="Windows 11 64bit"/>
         <property name="katalonVersion" value="8.6.8.208"/>
         <property name="browser" value="Chrome 117.0.0.0"/>
         <property name="hostAddress" value="192.168.0.86"/>
         <property name="sessionId" value="eb1bfa61711b35a49a7c17221aee271f"/>
         <property name="seleniumVersion" value="3.141.59"/>
         <property name="proxyInformation" value="ProxyInformation { proxyOption=NO_PROXY, proxyServerType=HTTP, username=, password=********, proxyServerAddress=, proxyServerPort=0, executionList=&quot;&quot;, isApplyToDesiredCapabilities=true }"/>
         <property name="platform" value="Windows 11"/>
      </properties>
      <testcase name="Test Cases/Data Driven/TC30 - Data Driven_CURA" time="23.813" classname="Test Cases/Data Driven/TC30 - Data Driven_CURA" status="PASSED">
         <system-out><![CDATA[2023-10-11 18:57:26 - [TEST_CASE][PASSED] - Test Cases/Data Driven/TC30 - Data Driven_CURA: Test Cases/Data Driven/TC30 - Data Driven_CURA

2023-10-11 18:57:27 - [TEST_STEP][PASSED] - openBrowser("https://katalon-demo-cura.herokuapp.com/profile.php#login"): Browser is opened with url: 'https://katalon-demo-cura.herokuapp.com/profile.php#login'

2023-10-11 18:57:28 - [MESSAGE][INFO] - Starting 'Chrome' driver

2023-10-11 18:57:28 - [MESSAGE][INFO] - Action delay is set to 0 milliseconds

2023-10-11 18:57:36 - [MESSAGE][PASSED] - Browser is opened with url: 'https://katalon-demo-cura.herokuapp.com/profile.php#login'

2023-10-11 18:57:36 - [TEST_STEP][PASSED] - setText(findTestObject("Page_CURA Healthcare Service/input_Username"), UserName): Text 'John Doe' is set on object 'Object Repository/Page_CURA Healthcare Service/input_Username'

2023-10-11 18:57:37 - [MESSAGE][PASSED] - Text 'John Doe' is set on object 'Object Repository/Page_CURA Healthcare Service/input_Username'

2023-10-11 18:57:37 - [TEST_STEP][PASSED] - setText(findTestObject("Page_CURA Healthcare Service/input_Password"), Password): Text 'ThisIsNotAPassword' is set on object 'Object Repository/Page_CURA Healthcare Service/input_Password'

2023-10-11 18:57:38 - [MESSAGE][PASSED] - Text 'ThisIsNotAPassword' is set on object 'Object Repository/Page_CURA Healthcare Service/input_Password'

2023-10-11 18:57:38 - [TEST_STEP][PASSED] - click(findTestObject("Page_CURA Healthcare Service/Login_Btn")): Object: 'Object Repository/Page_CURA Healthcare Service/Login_Btn' is clicked on

2023-10-11 18:57:40 - [MESSAGE][PASSED] - Object: 'Object Repository/Page_CURA Healthcare Service/Login_Btn' is clicked on

2023-10-11 18:57:40 - [TEST_STEP][PASSED] - selectOptionByValue(findTestObject("Page_CURA Healthcare Service/select_Healthcare Center"), HealthCenter, false): All options with value 'Hongkong CURA Healthcare Center' are selected in object 'Object Repository/Page_CURA Healthcare Service/select_Healthcare Center' 

2023-10-11 18:57:41 - [MESSAGE][PASSED] - All options with value 'Hongkong CURA Healthcare Center' are selected in object 'Object Repository/Page_CURA Healthcare Service/select_Healthcare Center' 

2023-10-11 18:57:41 - [TEST_STEP][PASSED] - check(findTestObject("Page_CURA Healthcare Service/Hospital readmission")): Object 'Object Repository/Page_CURA Healthcare Service/Hospital readmission' is checked

2023-10-11 18:57:41 - [MESSAGE][PASSED] - Object 'Object Repository/Page_CURA Healthcare Service/Hospital readmission' is checked

2023-10-11 18:57:41 - [TEST_STEP][PASSED] - click(findTestObject("Page_CURA Healthcare Service/input_None_programs")): Object: 'Object Repository/Page_CURA Healthcare Service/input_None_programs' is clicked on

2023-10-11 18:57:42 - [MESSAGE][PASSED] - Object: 'Object Repository/Page_CURA Healthcare Service/input_None_programs' is clicked on

2023-10-11 18:57:42 - [TEST_STEP][PASSED] - setText(findTestObject("Page_CURA Healthcare Service/input_Visit Date"), VisitDate): Text '26/10/2023' is set on object 'Object Repository/Page_CURA Healthcare Service/input_Visit Date'

2023-10-11 18:57:42 - [MESSAGE][PASSED] - Text '26/10/2023' is set on object 'Object Repository/Page_CURA Healthcare Service/input_Visit Date'

2023-10-11 18:57:42 - [TEST_STEP][PASSED] - setText(findTestObject("Page_CURA Healthcare Service/Comment"), Comment): Text 'Testing Appointment 1' is set on object 'Object Repository/Page_CURA Healthcare Service/Comment'

2023-10-11 18:57:43 - [MESSAGE][PASSED] - Text 'Testing Appointment 1' is set on object 'Object Repository/Page_CURA Healthcare Service/Comment'

2023-10-11 18:57:43 - [TEST_STEP][PASSED] - submit(findTestObject("Page_CURA Healthcare Service/button_Book Appointment")): The form containing object: 'Object Repository/Page_CURA Healthcare Service/button_Book Appointment' is submitted

2023-10-11 18:57:44 - [MESSAGE][PASSED] - The form containing object: 'Object Repository/Page_CURA Healthcare Service/button_Book Appointment' is submitted

2023-10-11 18:57:44 - [TEST_STEP][PASSED] - takeScreenshot("C:\desktop\booking_confirm.jpg"): Taking screenshot successfully

2023-10-11 18:57:45 - [MESSAGE][PASSED] - Taking screenshot successfully
[[ATTACHMENT|C:\desktop\booking_confirm.jpg]]

2023-10-11 18:57:45 - [TEST_STEP][PASSED] - click(findTestObject("Page_CURA Healthcare Service/Menu")): Object: 'Object Repository/Page_CURA Healthcare Service/Menu' is clicked on

2023-10-11 18:57:45 - [MESSAGE][PASSED] - Object: 'Object Repository/Page_CURA Healthcare Service/Menu' is clicked on

2023-10-11 18:57:45 - [TEST_STEP][PASSED] - click(findTestObject("Page_CURA Healthcare Service/Logout")): Object: 'Object Repository/Page_CURA Healthcare Service/Logout' is clicked on

2023-10-11 18:57:47 - [MESSAGE][PASSED] - Object: 'Object Repository/Page_CURA Healthcare Service/Logout' is clicked on

2023-10-11 18:57:47 - [TEST_STEP][PASSED] - delay(3): Delayed 3 second(s)

2023-10-11 18:57:50 - [MESSAGE][PASSED] - Delayed 3 second(s)]]></system-out>
         <system-err><![CDATA[]]></system-err>
      </testcase>
      <testcase name="Test Cases/Data Driven/TC30 - Data Driven_CURA" time="17.397" classname="Test Cases/Data Driven/TC30 - Data Driven_CURA" status="PASSED">
         <system-out><![CDATA[2023-10-11 18:57:50 - [TEST_CASE][PASSED] - Test Cases/Data Driven/TC30 - Data Driven_CURA: Test Cases/Data Driven/TC30 - Data Driven_CURA

2023-10-11 18:57:50 - [TEST_STEP][PASSED] - openBrowser("https://katalon-demo-cura.herokuapp.com/profile.php#login"): Browser is opened with url: 'https://katalon-demo-cura.herokuapp.com/profile.php#login'

2023-10-11 18:57:50 - [MESSAGE][WARNING] - A browser is already opened. Closing browser and opening a new one

2023-10-11 18:57:51 - [MESSAGE][INFO] - Starting 'Chrome' driver

2023-10-11 18:57:51 - [MESSAGE][INFO] - Action delay is set to 0 milliseconds

2023-10-11 18:57:55 - [MESSAGE][PASSED] - Browser is opened with url: 'https://katalon-demo-cura.herokuapp.com/profile.php#login'

2023-10-11 18:57:55 - [TEST_STEP][PASSED] - setText(findTestObject("Page_CURA Healthcare Service/input_Username"), UserName): Text 'John Doe' is set on object 'Object Repository/Page_CURA Healthcare Service/input_Username'

2023-10-11 18:57:56 - [MESSAGE][PASSED] - Text 'John Doe' is set on object 'Object Repository/Page_CURA Healthcare Service/input_Username'

2023-10-11 18:57:56 - [TEST_STEP][PASSED] - setText(findTestObject("Page_CURA Healthcare Service/input_Password"), Password): Text 'ThisIsNotAPassword' is set on object 'Object Repository/Page_CURA Healthcare Service/input_Password'

2023-10-11 18:57:57 - [MESSAGE][PASSED] - Text 'ThisIsNotAPassword' is set on object 'Object Repository/Page_CURA Healthcare Service/input_Password'

2023-10-11 18:57:57 - [TEST_STEP][PASSED] - click(findTestObject("Page_CURA Healthcare Service/Login_Btn")): Object: 'Object Repository/Page_CURA Healthcare Service/Login_Btn' is clicked on

2023-10-11 18:57:59 - [MESSAGE][PASSED] - Object: 'Object Repository/Page_CURA Healthcare Service/Login_Btn' is clicked on

2023-10-11 18:57:59 - [TEST_STEP][PASSED] - selectOptionByValue(findTestObject("Page_CURA Healthcare Service/select_Healthcare Center"), HealthCenter, false): All options with value 'Tokyo CURA Healthcare Center' are selected in object 'Object Repository/Page_CURA Healthcare Service/select_Healthcare Center' 

2023-10-11 18:58:00 - [MESSAGE][PASSED] - All options with value 'Tokyo CURA Healthcare Center' are selected in object 'Object Repository/Page_CURA Healthcare Service/select_Healthcare Center' 

2023-10-11 18:58:00 - [TEST_STEP][PASSED] - check(findTestObject("Page_CURA Healthcare Service/Hospital readmission")): Object 'Object Repository/Page_CURA Healthcare Service/Hospital readmission' is checked

2023-10-11 18:58:00 - [MESSAGE][PASSED] - Object 'Object Repository/Page_CURA Healthcare Service/Hospital readmission' is checked

2023-10-11 18:58:00 - [TEST_STEP][PASSED] - click(findTestObject("Page_CURA Healthcare Service/input_None_programs")): Object: 'Object Repository/Page_CURA Healthcare Service/input_None_programs' is clicked on

2023-10-11 18:58:00 - [MESSAGE][PASSED] - Object: 'Object Repository/Page_CURA Healthcare Service/input_None_programs' is clicked on

2023-10-11 18:58:00 - [TEST_STEP][PASSED] - setText(findTestObject("Page_CURA Healthcare Service/input_Visit Date"), VisitDate): Text '27/10/2023' is set on object 'Object Repository/Page_CURA Healthcare Service/input_Visit Date'

2023-10-11 18:58:01 - [MESSAGE][PASSED] - Text '27/10/2023' is set on object 'Object Repository/Page_CURA Healthcare Service/input_Visit Date'

2023-10-11 18:58:01 - [TEST_STEP][PASSED] - setText(findTestObject("Page_CURA Healthcare Service/Comment"), Comment): Text 'Testing Appointment 2' is set on object 'Object Repository/Page_CURA Healthcare Service/Comment'

2023-10-11 18:58:02 - [MESSAGE][PASSED] - Text 'Testing Appointment 2' is set on object 'Object Repository/Page_CURA Healthcare Service/Comment'

2023-10-11 18:58:02 - [TEST_STEP][PASSED] - submit(findTestObject("Page_CURA Healthcare Service/button_Book Appointment")): The form containing object: 'Object Repository/Page_CURA Healthcare Service/button_Book Appointment' is submitted

2023-10-11 18:58:02 - [MESSAGE][PASSED] - The form containing object: 'Object Repository/Page_CURA Healthcare Service/button_Book Appointment' is submitted

2023-10-11 18:58:02 - [TEST_STEP][PASSED] - takeScreenshot("C:\desktop\booking_confirm.jpg"): Taking screenshot successfully

2023-10-11 18:58:03 - [MESSAGE][PASSED] - Taking screenshot successfully
[[ATTACHMENT|C:\desktop\booking_confirm.jpg]]

2023-10-11 18:58:03 - [TEST_STEP][PASSED] - click(findTestObject("Page_CURA Healthcare Service/Menu")): Object: 'Object Repository/Page_CURA Healthcare Service/Menu' is clicked on

2023-10-11 18:58:03 - [MESSAGE][PASSED] - Object: 'Object Repository/Page_CURA Healthcare Service/Menu' is clicked on

2023-10-11 18:58:03 - [TEST_STEP][PASSED] - click(findTestObject("Page_CURA Healthcare Service/Logout")): Object: 'Object Repository/Page_CURA Healthcare Service/Logout' is clicked on

2023-10-11 18:58:04 - [MESSAGE][PASSED] - Object: 'Object Repository/Page_CURA Healthcare Service/Logout' is clicked on

2023-10-11 18:58:04 - [TEST_STEP][PASSED] - delay(3): Delayed 3 second(s)

2023-10-11 18:58:07 - [MESSAGE][PASSED] - Delayed 3 second(s)]]></system-out>
         <system-err><![CDATA[]]></system-err>
      </testcase>
      <testcase name="Test Cases/Data Driven/TC30 - Data Driven_CURA" time="15.698" classname="Test Cases/Data Driven/TC30 - Data Driven_CURA" status="PASSED">
         <system-out><![CDATA[2023-10-11 18:58:07 - [TEST_CASE][PASSED] - Test Cases/Data Driven/TC30 - Data Driven_CURA: Test Cases/Data Driven/TC30 - Data Driven_CURA

2023-10-11 18:58:07 - [TEST_STEP][PASSED] - openBrowser("https://katalon-demo-cura.herokuapp.com/profile.php#login"): Browser is opened with url: 'https://katalon-demo-cura.herokuapp.com/profile.php#login'

2023-10-11 18:58:07 - [MESSAGE][WARNING] - A browser is already opened. Closing browser and opening a new one

2023-10-11 18:58:08 - [MESSAGE][INFO] - Starting 'Chrome' driver

2023-10-11 18:58:08 - [MESSAGE][INFO] - Action delay is set to 0 milliseconds

2023-10-11 18:58:12 - [MESSAGE][PASSED] - Browser is opened with url: 'https://katalon-demo-cura.herokuapp.com/profile.php#login'

2023-10-11 18:58:12 - [TEST_STEP][PASSED] - setText(findTestObject("Page_CURA Healthcare Service/input_Username"), UserName): Text 'John Doe' is set on object 'Object Repository/Page_CURA Healthcare Service/input_Username'

2023-10-11 18:58:13 - [MESSAGE][PASSED] - Text 'John Doe' is set on object 'Object Repository/Page_CURA Healthcare Service/input_Username'

2023-10-11 18:58:13 - [TEST_STEP][PASSED] - setText(findTestObject("Page_CURA Healthcare Service/input_Password"), Password): Text 'ThisIsNotAPassword' is set on object 'Object Repository/Page_CURA Healthcare Service/input_Password'

2023-10-11 18:58:13 - [MESSAGE][PASSED] - Text 'ThisIsNotAPassword' is set on object 'Object Repository/Page_CURA Healthcare Service/input_Password'

2023-10-11 18:58:13 - [TEST_STEP][PASSED] - click(findTestObject("Page_CURA Healthcare Service/Login_Btn")): Object: 'Object Repository/Page_CURA Healthcare Service/Login_Btn' is clicked on

2023-10-11 18:58:14 - [MESSAGE][PASSED] - Object: 'Object Repository/Page_CURA Healthcare Service/Login_Btn' is clicked on

2023-10-11 18:58:14 - [TEST_STEP][PASSED] - selectOptionByValue(findTestObject("Page_CURA Healthcare Service/select_Healthcare Center"), HealthCenter, false): All options with value 'Seoul CURA Healthcare Center' are selected in object 'Object Repository/Page_CURA Healthcare Service/select_Healthcare Center' 

2023-10-11 18:58:15 - [MESSAGE][PASSED] - All options with value 'Seoul CURA Healthcare Center' are selected in object 'Object Repository/Page_CURA Healthcare Service/select_Healthcare Center' 

2023-10-11 18:58:15 - [TEST_STEP][PASSED] - check(findTestObject("Page_CURA Healthcare Service/Hospital readmission")): Object 'Object Repository/Page_CURA Healthcare Service/Hospital readmission' is checked

2023-10-11 18:58:16 - [MESSAGE][PASSED] - Object 'Object Repository/Page_CURA Healthcare Service/Hospital readmission' is checked

2023-10-11 18:58:16 - [TEST_STEP][PASSED] - click(findTestObject("Page_CURA Healthcare Service/input_None_programs")): Object: 'Object Repository/Page_CURA Healthcare Service/input_None_programs' is clicked on

2023-10-11 18:58:16 - [MESSAGE][PASSED] - Object: 'Object Repository/Page_CURA Healthcare Service/input_None_programs' is clicked on

2023-10-11 18:58:16 - [TEST_STEP][PASSED] - setText(findTestObject("Page_CURA Healthcare Service/input_Visit Date"), VisitDate): Text '29/10/2023' is set on object 'Object Repository/Page_CURA Healthcare Service/input_Visit Date'

2023-10-11 18:58:17 - [MESSAGE][PASSED] - Text '29/10/2023' is set on object 'Object Repository/Page_CURA Healthcare Service/input_Visit Date'

2023-10-11 18:58:17 - [TEST_STEP][PASSED] - setText(findTestObject("Page_CURA Healthcare Service/Comment"), Comment): Text 'Testing Appointment 3' is set on object 'Object Repository/Page_CURA Healthcare Service/Comment'

2023-10-11 18:58:17 - [MESSAGE][PASSED] - Text 'Testing Appointment 3' is set on object 'Object Repository/Page_CURA Healthcare Service/Comment'

2023-10-11 18:58:17 - [TEST_STEP][PASSED] - submit(findTestObject("Page_CURA Healthcare Service/button_Book Appointment")): The form containing object: 'Object Repository/Page_CURA Healthcare Service/button_Book Appointment' is submitted

2023-10-11 18:58:18 - [MESSAGE][PASSED] - The form containing object: 'Object Repository/Page_CURA Healthcare Service/button_Book Appointment' is submitted

2023-10-11 18:58:18 - [TEST_STEP][PASSED] - takeScreenshot("C:\desktop\booking_confirm.jpg"): Taking screenshot successfully

2023-10-11 18:58:19 - [MESSAGE][PASSED] - Taking screenshot successfully
[[ATTACHMENT|C:\desktop\booking_confirm.jpg]]

2023-10-11 18:58:19 - [TEST_STEP][PASSED] - click(findTestObject("Page_CURA Healthcare Service/Menu")): Object: 'Object Repository/Page_CURA Healthcare Service/Menu' is clicked on

2023-10-11 18:58:19 - [MESSAGE][PASSED] - Object: 'Object Repository/Page_CURA Healthcare Service/Menu' is clicked on

2023-10-11 18:58:19 - [TEST_STEP][PASSED] - click(findTestObject("Page_CURA Healthcare Service/Logout")): Object: 'Object Repository/Page_CURA Healthcare Service/Logout' is clicked on

2023-10-11 18:58:20 - [MESSAGE][PASSED] - Object: 'Object Repository/Page_CURA Healthcare Service/Logout' is clicked on

2023-10-11 18:58:20 - [TEST_STEP][PASSED] - delay(3): Delayed 3 second(s)

2023-10-11 18:58:23 - [MESSAGE][PASSED] - Delayed 3 second(s)]]></system-out>
         <system-err><![CDATA[]]></system-err>
      </testcase>
      <system-out><![CDATA[2023-10-11 18:57:25 - [TEST_SUITE][PASSED] - Book Apointment: Test Cases/Data Driven/TC30 - Data Driven_CURA]]></system-out>
      <system-err><![CDATA[]]></system-err>
   </testsuite>
</testsuites>
