<?xml version="1.0" encoding="UTF-8"?>
<testsuites name="Book Apointment" time="40.968" tests="3" failures="0" errors="0">
   <testsuite name="Book Apointment" tests="3" failures="0" errors="0" time="40.968" skipped="0" timestamp="2023-10-11 18:18:24" hostname="yyd78 - YYD-DELL-01" id="Test Suites/CURA - Appointment/Book Apointment">
      <properties>
         <property name="deviceName" value=""/>
         <property name="devicePlatform" value=""/>
         <property name="logFolder" value="C:\\Users\\yyd78\\git\\SG_Proj\\Reports\\20231011_181817\\CURA - Appointment\\Book Apointment\\20231011_181817"/>
         <property name="logFiles" value="C:\\Users\\yyd78\\git\\SG_Proj\\Reports\\20231011_181817\\CURA - Appointment\\Book Apointment\\20231011_181817\\execution0.log"/>
         <property name="attachments" value="C:\desktop\booking_confirm.jpg, C:\desktop\booking_confirm.jpg, C:\desktop\booking_confirm.jpg"/>
         <property name="hostName" value="yyd78 - YYD-DELL-01"/>
         <property name="os" value="Windows 11 64bit"/>
         <property name="katalonVersion" value="8.6.8.208"/>
         <property name="browser" value="Chrome 117.0.0.0"/>
         <property name="hostAddress" value="192.168.0.86"/>
         <property name="sessionId" value="be201d238482db93165509ae8fd50eaa"/>
         <property name="seleniumVersion" value="3.141.59"/>
         <property name="proxyInformation" value="ProxyInformation { proxyOption=NO_PROXY, proxyServerType=HTTP, username=, password=********, proxyServerAddress=, proxyServerPort=0, executionList=&quot;&quot;, isApplyToDesiredCapabilities=true }"/>
         <property name="platform" value="Windows 11"/>
      </properties>
      <testcase name="Test Cases/Data Driven/TC30 - Data Driven_CURA" time="14.123" classname="Test Cases/Data Driven/TC30 - Data Driven_CURA" status="PASSED">
         <system-out><![CDATA[2023-10-11 18:18:25 - [TEST_CASE][PASSED] - Test Cases/Data Driven/TC30 - Data Driven_CURA: Test Cases/Data Driven/TC30 - Data Driven_CURA

2023-10-11 18:18:25 - [TEST_STEP][PASSED] - openBrowser("https://katalon-demo-cura.herokuapp.com/profile.php#login"): Browser is opened with url: 'https://katalon-demo-cura.herokuapp.com/profile.php#login'

2023-10-11 18:18:26 - [MESSAGE][INFO] - Starting 'Chrome' driver

2023-10-11 18:18:26 - [MESSAGE][INFO] - Action delay is set to 0 milliseconds

2023-10-11 18:18:30 - [MESSAGE][PASSED] - Browser is opened with url: 'https://katalon-demo-cura.herokuapp.com/profile.php#login'

2023-10-11 18:18:30 - [TEST_STEP][PASSED] - setText(findTestObject("Page_CURA Healthcare Service/input_Username"), UserName): Text 'John Doe' is set on object 'Object Repository/Page_CURA Healthcare Service/input_Username'

2023-10-11 18:18:31 - [MESSAGE][PASSED] - Text 'John Doe' is set on object 'Object Repository/Page_CURA Healthcare Service/input_Username'

2023-10-11 18:18:31 - [TEST_STEP][PASSED] - setText(findTestObject("Page_CURA Healthcare Service/input_Password"), Password): Text 'ThisIsNotAPassword' is set on object 'Object Repository/Page_CURA Healthcare Service/input_Password'

2023-10-11 18:18:32 - [MESSAGE][PASSED] - Text 'ThisIsNotAPassword' is set on object 'Object Repository/Page_CURA Healthcare Service/input_Password'

2023-10-11 18:18:32 - [TEST_STEP][PASSED] - click(findTestObject("Page_CURA Healthcare Service/Login_Btn")): Object: 'Object Repository/Page_CURA Healthcare Service/Login_Btn' is clicked on

2023-10-11 18:18:33 - [MESSAGE][PASSED] - Object: 'Object Repository/Page_CURA Healthcare Service/Login_Btn' is clicked on

2023-10-11 18:18:33 - [TEST_STEP][PASSED] - selectOptionByValue(findTestObject("Page_CURA Healthcare Service/select_Healthcare Center"), HealthCenter, false): All options with value 'Hongkong CURA Healthcare Center' are selected in object 'Object Repository/Page_CURA Healthcare Service/select_Healthcare Center' 

2023-10-11 18:18:34 - [MESSAGE][PASSED] - All options with value 'Hongkong CURA Healthcare Center' are selected in object 'Object Repository/Page_CURA Healthcare Service/select_Healthcare Center' 

2023-10-11 18:18:34 - [TEST_STEP][PASSED] - check(findTestObject("Page_CURA Healthcare Service/Hospital readmission")): Object 'Object Repository/Page_CURA Healthcare Service/Hospital readmission' is checked

2023-10-11 18:18:34 - [MESSAGE][PASSED] - Object 'Object Repository/Page_CURA Healthcare Service/Hospital readmission' is checked

2023-10-11 18:18:34 - [TEST_STEP][PASSED] - click(findTestObject("Page_CURA Healthcare Service/input_None_programs")): Object: 'Object Repository/Page_CURA Healthcare Service/input_None_programs' is clicked on

2023-10-11 18:18:35 - [MESSAGE][PASSED] - Object: 'Object Repository/Page_CURA Healthcare Service/input_None_programs' is clicked on

2023-10-11 18:18:35 - [TEST_STEP][PASSED] - setText(findTestObject("Page_CURA Healthcare Service/input_Visit Date"), VisitDate): Text '26/10/2023' is set on object 'Object Repository/Page_CURA Healthcare Service/input_Visit Date'

2023-10-11 18:18:35 - [MESSAGE][PASSED] - Text '26/10/2023' is set on object 'Object Repository/Page_CURA Healthcare Service/input_Visit Date'

2023-10-11 18:18:35 - [TEST_STEP][PASSED] - setText(findTestObject("Page_CURA Healthcare Service/Comment"), Comment): Text 'Testing Appointment 1' is set on object 'Object Repository/Page_CURA Healthcare Service/Comment'

2023-10-11 18:18:36 - [MESSAGE][PASSED] - Text 'Testing Appointment 1' is set on object 'Object Repository/Page_CURA Healthcare Service/Comment'

2023-10-11 18:18:36 - [TEST_STEP][PASSED] - submit(findTestObject("Page_CURA Healthcare Service/button_Book Appointment")): The form containing object: 'Object Repository/Page_CURA Healthcare Service/button_Book Appointment' is submitted

2023-10-11 18:18:37 - [MESSAGE][PASSED] - The form containing object: 'Object Repository/Page_CURA Healthcare Service/button_Book Appointment' is submitted

2023-10-11 18:18:37 - [TEST_STEP][PASSED] - takeScreenshot("C:\desktop\booking_confirm.jpg"): Taking screenshot successfully

2023-10-11 18:18:37 - [MESSAGE][PASSED] - Taking screenshot successfully
[[ATTACHMENT|C:\desktop\booking_confirm.jpg]]

2023-10-11 18:18:37 - [TEST_STEP][PASSED] - click(findTestObject("Page_CURA Healthcare Service/Menu")): Object: 'Object Repository/Page_CURA Healthcare Service/Menu' is clicked on

2023-10-11 18:18:38 - [MESSAGE][PASSED] - Object: 'Object Repository/Page_CURA Healthcare Service/Menu' is clicked on

2023-10-11 18:18:38 - [TEST_STEP][PASSED] - click(findTestObject("Page_CURA Healthcare Service/Logout")): Object: 'Object Repository/Page_CURA Healthcare Service/Logout' is clicked on

2023-10-11 18:18:39 - [MESSAGE][PASSED] - Object: 'Object Repository/Page_CURA Healthcare Service/Logout' is clicked on]]></system-out>
         <system-err><![CDATA[]]></system-err>
      </testcase>
      <testcase name="Test Cases/Data Driven/TC30 - Data Driven_CURA" time="13.361" classname="Test Cases/Data Driven/TC30 - Data Driven_CURA" status="PASSED">
         <system-out><![CDATA[2023-10-11 18:18:39 - [TEST_CASE][PASSED] - Test Cases/Data Driven/TC30 - Data Driven_CURA: Test Cases/Data Driven/TC30 - Data Driven_CURA

2023-10-11 18:18:39 - [TEST_STEP][PASSED] - openBrowser("https://katalon-demo-cura.herokuapp.com/profile.php#login"): Browser is opened with url: 'https://katalon-demo-cura.herokuapp.com/profile.php#login'

2023-10-11 18:18:39 - [MESSAGE][WARNING] - A browser is already opened. Closing browser and opening a new one

2023-10-11 18:18:40 - [MESSAGE][INFO] - Starting 'Chrome' driver

2023-10-11 18:18:40 - [MESSAGE][INFO] - Action delay is set to 0 milliseconds

2023-10-11 18:18:44 - [MESSAGE][PASSED] - Browser is opened with url: 'https://katalon-demo-cura.herokuapp.com/profile.php#login'

2023-10-11 18:18:44 - [TEST_STEP][PASSED] - setText(findTestObject("Page_CURA Healthcare Service/input_Username"), UserName): Text 'John Doe' is set on object 'Object Repository/Page_CURA Healthcare Service/input_Username'

2023-10-11 18:18:45 - [MESSAGE][PASSED] - Text 'John Doe' is set on object 'Object Repository/Page_CURA Healthcare Service/input_Username'

2023-10-11 18:18:45 - [TEST_STEP][PASSED] - setText(findTestObject("Page_CURA Healthcare Service/input_Password"), Password): Text 'ThisIsNotAPassword' is set on object 'Object Repository/Page_CURA Healthcare Service/input_Password'

2023-10-11 18:18:46 - [MESSAGE][PASSED] - Text 'ThisIsNotAPassword' is set on object 'Object Repository/Page_CURA Healthcare Service/input_Password'

2023-10-11 18:18:46 - [TEST_STEP][PASSED] - click(findTestObject("Page_CURA Healthcare Service/Login_Btn")): Object: 'Object Repository/Page_CURA Healthcare Service/Login_Btn' is clicked on

2023-10-11 18:18:47 - [MESSAGE][PASSED] - Object: 'Object Repository/Page_CURA Healthcare Service/Login_Btn' is clicked on

2023-10-11 18:18:47 - [TEST_STEP][PASSED] - selectOptionByValue(findTestObject("Page_CURA Healthcare Service/select_Healthcare Center"), HealthCenter, false): All options with value 'Tokyo CURA Healthcare Center' are selected in object 'Object Repository/Page_CURA Healthcare Service/select_Healthcare Center' 

2023-10-11 18:18:47 - [MESSAGE][PASSED] - All options with value 'Tokyo CURA Healthcare Center' are selected in object 'Object Repository/Page_CURA Healthcare Service/select_Healthcare Center' 

2023-10-11 18:18:47 - [TEST_STEP][PASSED] - check(findTestObject("Page_CURA Healthcare Service/Hospital readmission")): Object 'Object Repository/Page_CURA Healthcare Service/Hospital readmission' is checked

2023-10-11 18:18:48 - [MESSAGE][PASSED] - Object 'Object Repository/Page_CURA Healthcare Service/Hospital readmission' is checked

2023-10-11 18:18:48 - [TEST_STEP][PASSED] - click(findTestObject("Page_CURA Healthcare Service/input_None_programs")): Object: 'Object Repository/Page_CURA Healthcare Service/input_None_programs' is clicked on

2023-10-11 18:18:48 - [MESSAGE][PASSED] - Object: 'Object Repository/Page_CURA Healthcare Service/input_None_programs' is clicked on

2023-10-11 18:18:48 - [TEST_STEP][PASSED] - setText(findTestObject("Page_CURA Healthcare Service/input_Visit Date"), VisitDate): Text '27/10/2023' is set on object 'Object Repository/Page_CURA Healthcare Service/input_Visit Date'

2023-10-11 18:18:49 - [MESSAGE][PASSED] - Text '27/10/2023' is set on object 'Object Repository/Page_CURA Healthcare Service/input_Visit Date'

2023-10-11 18:18:49 - [TEST_STEP][PASSED] - setText(findTestObject("Page_CURA Healthcare Service/Comment"), Comment): Text 'Testing Appointment 2' is set on object 'Object Repository/Page_CURA Healthcare Service/Comment'

2023-10-11 18:18:50 - [MESSAGE][PASSED] - Text 'Testing Appointment 2' is set on object 'Object Repository/Page_CURA Healthcare Service/Comment'

2023-10-11 18:18:50 - [TEST_STEP][PASSED] - submit(findTestObject("Page_CURA Healthcare Service/button_Book Appointment")): The form containing object: 'Object Repository/Page_CURA Healthcare Service/button_Book Appointment' is submitted

2023-10-11 18:18:50 - [MESSAGE][PASSED] - The form containing object: 'Object Repository/Page_CURA Healthcare Service/button_Book Appointment' is submitted

2023-10-11 18:18:50 - [TEST_STEP][PASSED] - takeScreenshot("C:\desktop\booking_confirm.jpg"): Taking screenshot successfully

2023-10-11 18:18:51 - [MESSAGE][PASSED] - Taking screenshot successfully
[[ATTACHMENT|C:\desktop\booking_confirm.jpg]]

2023-10-11 18:18:51 - [TEST_STEP][PASSED] - click(findTestObject("Page_CURA Healthcare Service/Menu")): Object: 'Object Repository/Page_CURA Healthcare Service/Menu' is clicked on

2023-10-11 18:18:51 - [MESSAGE][PASSED] - Object: 'Object Repository/Page_CURA Healthcare Service/Menu' is clicked on

2023-10-11 18:18:51 - [TEST_STEP][PASSED] - click(findTestObject("Page_CURA Healthcare Service/Logout")): Object: 'Object Repository/Page_CURA Healthcare Service/Logout' is clicked on

2023-10-11 18:18:52 - [MESSAGE][PASSED] - Object: 'Object Repository/Page_CURA Healthcare Service/Logout' is clicked on]]></system-out>
         <system-err><![CDATA[]]></system-err>
      </testcase>
      <testcase name="Test Cases/Data Driven/TC30 - Data Driven_CURA" time="12.926" classname="Test Cases/Data Driven/TC30 - Data Driven_CURA" status="PASSED">
         <system-out><![CDATA[2023-10-11 18:18:52 - [TEST_CASE][PASSED] - Test Cases/Data Driven/TC30 - Data Driven_CURA: Test Cases/Data Driven/TC30 - Data Driven_CURA

2023-10-11 18:18:52 - [TEST_STEP][PASSED] - openBrowser("https://katalon-demo-cura.herokuapp.com/profile.php#login"): Browser is opened with url: 'https://katalon-demo-cura.herokuapp.com/profile.php#login'

2023-10-11 18:18:52 - [MESSAGE][WARNING] - A browser is already opened. Closing browser and opening a new one

2023-10-11 18:18:53 - [MESSAGE][INFO] - Starting 'Chrome' driver

2023-10-11 18:18:53 - [MESSAGE][INFO] - Action delay is set to 0 milliseconds

2023-10-11 18:18:57 - [MESSAGE][PASSED] - Browser is opened with url: 'https://katalon-demo-cura.herokuapp.com/profile.php#login'

2023-10-11 18:18:57 - [TEST_STEP][PASSED] - setText(findTestObject("Page_CURA Healthcare Service/input_Username"), UserName): Text 'John Doe' is set on object 'Object Repository/Page_CURA Healthcare Service/input_Username'

2023-10-11 18:18:58 - [MESSAGE][PASSED] - Text 'John Doe' is set on object 'Object Repository/Page_CURA Healthcare Service/input_Username'

2023-10-11 18:18:58 - [TEST_STEP][PASSED] - setText(findTestObject("Page_CURA Healthcare Service/input_Password"), Password): Text 'ThisIsNotAPassword' is set on object 'Object Repository/Page_CURA Healthcare Service/input_Password'

2023-10-11 18:18:59 - [MESSAGE][PASSED] - Text 'ThisIsNotAPassword' is set on object 'Object Repository/Page_CURA Healthcare Service/input_Password'

2023-10-11 18:18:59 - [TEST_STEP][PASSED] - click(findTestObject("Page_CURA Healthcare Service/Login_Btn")): Object: 'Object Repository/Page_CURA Healthcare Service/Login_Btn' is clicked on

2023-10-11 18:19:00 - [MESSAGE][PASSED] - Object: 'Object Repository/Page_CURA Healthcare Service/Login_Btn' is clicked on

2023-10-11 18:19:00 - [TEST_STEP][PASSED] - selectOptionByValue(findTestObject("Page_CURA Healthcare Service/select_Healthcare Center"), HealthCenter, false): All options with value 'Seoul CURA Healthcare Center' are selected in object 'Object Repository/Page_CURA Healthcare Service/select_Healthcare Center' 

2023-10-11 18:19:00 - [MESSAGE][PASSED] - All options with value 'Seoul CURA Healthcare Center' are selected in object 'Object Repository/Page_CURA Healthcare Service/select_Healthcare Center' 

2023-10-11 18:19:00 - [TEST_STEP][PASSED] - check(findTestObject("Page_CURA Healthcare Service/Hospital readmission")): Object 'Object Repository/Page_CURA Healthcare Service/Hospital readmission' is checked

2023-10-11 18:19:01 - [MESSAGE][PASSED] - Object 'Object Repository/Page_CURA Healthcare Service/Hospital readmission' is checked

2023-10-11 18:19:01 - [TEST_STEP][PASSED] - click(findTestObject("Page_CURA Healthcare Service/input_None_programs")): Object: 'Object Repository/Page_CURA Healthcare Service/input_None_programs' is clicked on

2023-10-11 18:19:01 - [MESSAGE][PASSED] - Object: 'Object Repository/Page_CURA Healthcare Service/input_None_programs' is clicked on

2023-10-11 18:19:01 - [TEST_STEP][PASSED] - setText(findTestObject("Page_CURA Healthcare Service/input_Visit Date"), VisitDate): Text '29/10/2023' is set on object 'Object Repository/Page_CURA Healthcare Service/input_Visit Date'

2023-10-11 18:19:02 - [MESSAGE][PASSED] - Text '29/10/2023' is set on object 'Object Repository/Page_CURA Healthcare Service/input_Visit Date'

2023-10-11 18:19:02 - [TEST_STEP][PASSED] - setText(findTestObject("Page_CURA Healthcare Service/Comment"), Comment): Text 'Testing Appointment 3' is set on object 'Object Repository/Page_CURA Healthcare Service/Comment'

2023-10-11 18:19:03 - [MESSAGE][PASSED] - Text 'Testing Appointment 3' is set on object 'Object Repository/Page_CURA Healthcare Service/Comment'

2023-10-11 18:19:03 - [TEST_STEP][PASSED] - submit(findTestObject("Page_CURA Healthcare Service/button_Book Appointment")): The form containing object: 'Object Repository/Page_CURA Healthcare Service/button_Book Appointment' is submitted

2023-10-11 18:19:03 - [MESSAGE][PASSED] - The form containing object: 'Object Repository/Page_CURA Healthcare Service/button_Book Appointment' is submitted

2023-10-11 18:19:03 - [TEST_STEP][PASSED] - takeScreenshot("C:\desktop\booking_confirm.jpg"): Taking screenshot successfully

2023-10-11 18:19:04 - [MESSAGE][PASSED] - Taking screenshot successfully
[[ATTACHMENT|C:\desktop\booking_confirm.jpg]]

2023-10-11 18:19:04 - [TEST_STEP][PASSED] - click(findTestObject("Page_CURA Healthcare Service/Menu")): Object: 'Object Repository/Page_CURA Healthcare Service/Menu' is clicked on

2023-10-11 18:19:04 - [MESSAGE][PASSED] - Object: 'Object Repository/Page_CURA Healthcare Service/Menu' is clicked on

2023-10-11 18:19:04 - [TEST_STEP][PASSED] - click(findTestObject("Page_CURA Healthcare Service/Logout")): Object: 'Object Repository/Page_CURA Healthcare Service/Logout' is clicked on

2023-10-11 18:19:05 - [MESSAGE][PASSED] - Object: 'Object Repository/Page_CURA Healthcare Service/Logout' is clicked on]]></system-out>
         <system-err><![CDATA[]]></system-err>
      </testcase>
      <system-out><![CDATA[2023-10-11 18:18:24 - [TEST_SUITE][PASSED] - Book Apointment: Test Cases/Data Driven/TC30 - Data Driven_CURA]]></system-out>
      <system-err><![CDATA[]]></system-err>
   </testsuite>
</testsuites>
