<?xml version="1.0" encoding="UTF-8"?>
<testsuites name="BlazeDemo_Collection" time="144.452" tests="4" failures="0" errors="0">
   <testsuite name="BlazeDemo" tests="1" failures="0" errors="0" time="19.133" skipped="0" timestamp="2023-10-12 12:34:24" hostname="yyd78 - YYD-DELL-01" id="Test Suites/BlazeDemo">
      <properties>
         <property name="deviceName" value=""/>
         <property name="devicePlatform" value=""/>
         <property name="logFolder" value="C:\\Users\\yyd78\\git\\SG_Proj\\Reports\\20231012_123408\\BlazeDemo\\20231012_123409"/>
         <property name="logFiles" value="C:\\Users\\yyd78\\git\\SG_Proj\\Reports\\20231012_123408\\BlazeDemo\\20231012_123409\\execution0.log"/>
         <property name="attachments" value="C:\desktop\Purchase Confirm.jpg"/>
         <property name="hostName" value="yyd78 - YYD-DELL-01"/>
         <property name="os" value="Windows 11 64bit"/>
         <property name="katalonVersion" value="8.6.8.208"/>
         <property name="browser" value="Chrome 117.0.0.0"/>
         <property name="hostAddress" value="192.168.0.86"/>
         <property name="sessionId" value="68d52a31bddef8b3866c3c5f97a5156d"/>
         <property name="seleniumVersion" value="3.141.59"/>
         <property name="proxyInformation" value="ProxyInformation { proxyOption=NO_PROXY, proxyServerType=HTTP, username=, password=********, proxyServerAddress=, proxyServerPort=0, executionList=&quot;&quot;, isApplyToDesiredCapabilities=true }"/>
         <property name="platform" value="Windows 11"/>
      </properties>
      <testcase name="Test Cases/BlazeDemo/TC30-BookFlight" time="18.889" classname="Test Cases/BlazeDemo/TC30-BookFlight" status="PASSED">
         <system-out><![CDATA[2023-10-12 12:34:25 - [TEST_CASE][PASSED] - Test Cases/BlazeDemo/TC30-BookFlight: Test Cases/BlazeDemo/TC30-BookFlight

2023-10-12 12:34:25 - [TEST_STEP][PASSED] - openBrowser(url): Browser is opened with url: 'https://blazedemo.com/'

2023-10-12 12:34:25 - [MESSAGE][INFO] - Starting 'Chrome' driver

2023-10-12 12:34:25 - [MESSAGE][INFO] - Action delay is set to 0 milliseconds

2023-10-12 12:34:29 - [MESSAGE][PASSED] - Browser is opened with url: 'https://blazedemo.com/'

2023-10-12 12:34:29 - [TEST_STEP][PASSED] - deleteAllCookies(): Delete all cookies successfully

2023-10-12 12:34:29 - [MESSAGE][PASSED] - Delete all cookies successfully

2023-10-12 12:34:29 - [TEST_STEP][PASSED] - maximizeWindow(): Current window maximized

2023-10-12 12:34:29 - [MESSAGE][PASSED] - Current window maximized

2023-10-12 12:34:29 - [TEST_STEP][PASSED] - selectOptionByValue(findTestObject("BlazeDemo/Page_BlazeDemo/Departure_City"), Departure_City, false): All options with value 'Boston' are selected in object 'Object Repository/BlazeDemo/Page_BlazeDemo/Departure_City' 

2023-10-12 12:34:30 - [MESSAGE][PASSED] - All options with value 'Boston' are selected in object 'Object Repository/BlazeDemo/Page_BlazeDemo/Departure_City' 

2023-10-12 12:34:30 - [TEST_STEP][PASSED] - selectOptionByValue(findTestObject("BlazeDemo/Page_BlazeDemo/Destination_City"), Destination_City, false): All options with value 'New York' are selected in object 'Object Repository/BlazeDemo/Page_BlazeDemo/Destination_City' 

2023-10-12 12:34:31 - [MESSAGE][PASSED] - All options with value 'New York' are selected in object 'Object Repository/BlazeDemo/Page_BlazeDemo/Destination_City' 

2023-10-12 12:34:31 - [TEST_STEP][PASSED] - click(findTestObject("BlazeDemo/Page_BlazeDemo/Find Flights")): Object: 'Object Repository/BlazeDemo/Page_BlazeDemo/Find Flights' is clicked on

2023-10-12 12:34:32 - [MESSAGE][PASSED] - Object: 'Object Repository/BlazeDemo/Page_BlazeDemo/Find Flights' is clicked on

2023-10-12 12:34:32 - [TEST_STEP][PASSED] - click(findTestObject("BlazeDemo/Page_BlazeDemo - reserve/Choose Flight")): Object: 'Object Repository/BlazeDemo/Page_BlazeDemo - reserve/Choose Flight' is clicked on

2023-10-12 12:34:33 - [MESSAGE][PASSED] - Object: 'Object Repository/BlazeDemo/Page_BlazeDemo - reserve/Choose Flight' is clicked on

2023-10-12 12:34:33 - [TEST_STEP][PASSED] - setText(findTestObject("BlazeDemo/Page_BlazeDemo Purchase/Name"), "Kelvin"): Text 'Kelvin' is set on object 'Object Repository/BlazeDemo/Page_BlazeDemo Purchase/Name'

2023-10-12 12:34:34 - [MESSAGE][PASSED] - Text 'Kelvin' is set on object 'Object Repository/BlazeDemo/Page_BlazeDemo Purchase/Name'

2023-10-12 12:34:34 - [TEST_STEP][PASSED] - setText(findTestObject("BlazeDemo/Page_BlazeDemo Purchase/Address"), "Tampines"): Text 'Tampines' is set on object 'Object Repository/BlazeDemo/Page_BlazeDemo Purchase/Address'

2023-10-12 12:34:35 - [MESSAGE][PASSED] - Text 'Tampines' is set on object 'Object Repository/BlazeDemo/Page_BlazeDemo Purchase/Address'

2023-10-12 12:34:35 - [TEST_STEP][PASSED] - setText(findTestObject("BlazeDemo/Page_BlazeDemo Purchase/City"), "Singapore"): Text 'Singapore' is set on object 'Object Repository/BlazeDemo/Page_BlazeDemo Purchase/City'

2023-10-12 12:34:35 - [MESSAGE][PASSED] - Text 'Singapore' is set on object 'Object Repository/BlazeDemo/Page_BlazeDemo Purchase/City'

2023-10-12 12:34:35 - [TEST_STEP][PASSED] - setText(findTestObject("BlazeDemo/Page_BlazeDemo Purchase/State"), "NA"): Text 'NA' is set on object 'Object Repository/BlazeDemo/Page_BlazeDemo Purchase/State'

2023-10-12 12:34:36 - [MESSAGE][PASSED] - Text 'NA' is set on object 'Object Repository/BlazeDemo/Page_BlazeDemo Purchase/State'

2023-10-12 12:34:36 - [TEST_STEP][PASSED] - setText(findTestObject("BlazeDemo/Page_BlazeDemo Purchase/ZipCode"), "520915"): Text '520915' is set on object 'Object Repository/BlazeDemo/Page_BlazeDemo Purchase/ZipCode'

2023-10-12 12:34:37 - [MESSAGE][PASSED] - Text '520915' is set on object 'Object Repository/BlazeDemo/Page_BlazeDemo Purchase/ZipCode'

2023-10-12 12:34:37 - [TEST_STEP][PASSED] - selectOptionByIndex(findTestObject("BlazeDemo/Page_BlazeDemo Purchase/Card_Type"), 2, CONTINUE_ON_FAILURE): All options with index in [2] are selected on object 'Object Repository/BlazeDemo/Page_BlazeDemo Purchase/Card_Type'

2023-10-12 12:34:38 - [MESSAGE][PASSED] - All options with index in [2] are selected on object 'Object Repository/BlazeDemo/Page_BlazeDemo Purchase/Card_Type'

2023-10-12 12:34:38 - [TEST_STEP][PASSED] - setText(findTestObject("BlazeDemo/Page_BlazeDemo Purchase/CreditCardNumber"), "76347826489"): Text '76347826489' is set on object 'Object Repository/BlazeDemo/Page_BlazeDemo Purchase/CreditCardNumber'

2023-10-12 12:34:38 - [MESSAGE][PASSED] - Text '76347826489' is set on object 'Object Repository/BlazeDemo/Page_BlazeDemo Purchase/CreditCardNumber'

2023-10-12 12:34:38 - [TEST_STEP][PASSED] - setText(findTestObject("BlazeDemo/Page_BlazeDemo Purchase/CreditCardMonth"), "12"): Text '12' is set on object 'Object Repository/BlazeDemo/Page_BlazeDemo Purchase/CreditCardMonth'

2023-10-12 12:34:39 - [MESSAGE][PASSED] - Text '12' is set on object 'Object Repository/BlazeDemo/Page_BlazeDemo Purchase/CreditCardMonth'

2023-10-12 12:34:39 - [TEST_STEP][PASSED] - setText(findTestObject("BlazeDemo/Page_BlazeDemo Purchase/CreditCardYear"), "2025"): Text '2025' is set on object 'Object Repository/BlazeDemo/Page_BlazeDemo Purchase/CreditCardYear'

2023-10-12 12:34:40 - [MESSAGE][PASSED] - Text '2025' is set on object 'Object Repository/BlazeDemo/Page_BlazeDemo Purchase/CreditCardYear'

2023-10-12 12:34:40 - [TEST_STEP][PASSED] - setText(findTestObject("BlazeDemo/Page_BlazeDemo Purchase/NameOnCard"), "Kelvin Gan"): Text 'Kelvin Gan' is set on object 'Object Repository/BlazeDemo/Page_BlazeDemo Purchase/NameOnCard'

2023-10-12 12:34:40 - [MESSAGE][PASSED] - Text 'Kelvin Gan' is set on object 'Object Repository/BlazeDemo/Page_BlazeDemo Purchase/NameOnCard'

2023-10-12 12:34:40 - [TEST_STEP][PASSED] - click(findTestObject("BlazeDemo/Page_BlazeDemo Purchase/RememberMe")): Object: 'Object Repository/BlazeDemo/Page_BlazeDemo Purchase/RememberMe' is clicked on

2023-10-12 12:34:41 - [MESSAGE][PASSED] - Object: 'Object Repository/BlazeDemo/Page_BlazeDemo Purchase/RememberMe' is clicked on

2023-10-12 12:34:41 - [TEST_STEP][PASSED] - verifyElementChecked(findTestObject("BlazeDemo/Page_BlazeDemo Purchase/RememberMe"), 1): Object 'Object Repository/BlazeDemo/Page_BlazeDemo Purchase/RememberMe' is checked

2023-10-12 12:34:41 - [MESSAGE][PASSED] - Object 'Object Repository/BlazeDemo/Page_BlazeDemo Purchase/RememberMe' is checked

2023-10-12 12:34:41 - [TEST_STEP][PASSED] - click(findTestObject("BlazeDemo/Page_BlazeDemo Purchase/Purchase Flight")): Object: 'Object Repository/BlazeDemo/Page_BlazeDemo Purchase/Purchase Flight' is clicked on

2023-10-12 12:34:42 - [MESSAGE][PASSED] - Object: 'Object Repository/BlazeDemo/Page_BlazeDemo Purchase/Purchase Flight' is clicked on

2023-10-12 12:34:42 - [TEST_STEP][PASSED] - verifyTextPresent("Thank you for your purchase today!", false): Text 'Thank you for your purchase today!' is present on page 

2023-10-12 12:34:42 - [MESSAGE][PASSED] - Text 'Thank you for your purchase today!' is present on page 

2023-10-12 12:34:42 - [TEST_STEP][PASSED] - takeScreenshot("C:\desktop\Purchase Confirm.jpg"): Taking screenshot successfully

2023-10-12 12:34:43 - [MESSAGE][PASSED] - Taking screenshot successfully
[[ATTACHMENT|C:\desktop\Purchase Confirm.jpg]]

2023-10-12 12:34:43 - [TEST_STEP][PASSED] - closeBrowser(): Browser is closed

2023-10-12 12:34:43 - [MESSAGE][PASSED] - Browser is closed]]></system-out>
         <system-err><![CDATA[]]></system-err>
      </testcase>
      <system-out><![CDATA[2023-10-12 12:34:24 - [TEST_SUITE][PASSED] - BlazeDemo: Test Cases/BlazeDemo/TC30-BookFlight]]></system-out>
      <system-err><![CDATA[]]></system-err>
   </testsuite>
   <testsuite name="BlazeDemo" tests="1" failures="0" errors="0" time="24.084" skipped="0" timestamp="2023-10-12 12:35:00" hostname="yyd78 - YYD-DELL-01" id="Test Suites/BlazeDemo">
      <properties>
         <property name="deviceName" value=""/>
         <property name="devicePlatform" value=""/>
         <property name="logFolder" value="C:\\Users\\yyd78\\git\\SG_Proj\\Reports\\20231012_123408\\BlazeDemo\\20231012_123411"/>
         <property name="logFiles" value="C:\\Users\\yyd78\\git\\SG_Proj\\Reports\\20231012_123408\\BlazeDemo\\20231012_123411\\execution0.log"/>
         <property name="attachments" value="C:\desktop\Purchase Confirm.jpg"/>
         <property name="hostName" value="yyd78 - YYD-DELL-01"/>
         <property name="os" value="Windows 11 64bit"/>
         <property name="katalonVersion" value="8.6.8.208"/>
         <property name="browser" value="Firefox 118.0"/>
         <property name="hostAddress" value="192.168.0.86"/>
         <property name="sessionId" value="7a24cb90-99b9-41b7-9249-88ba1e8df43f"/>
         <property name="seleniumVersion" value="3.141.59"/>
         <property name="proxyInformation" value="ProxyInformation { proxyOption=NO_PROXY, proxyServerType=HTTP, username=, password=********, proxyServerAddress=, proxyServerPort=0, executionList=&quot;&quot;, isApplyToDesiredCapabilities=true }"/>
         <property name="platform" value="Windows 11"/>
      </properties>
      <testcase name="Test Cases/BlazeDemo/TC30-BookFlight" time="23.878" classname="Test Cases/BlazeDemo/TC30-BookFlight" status="PASSED">
         <system-out><![CDATA[2023-10-12 12:35:00 - [TEST_CASE][PASSED] - Test Cases/BlazeDemo/TC30-BookFlight: Test Cases/BlazeDemo/TC30-BookFlight

2023-10-12 12:35:01 - [TEST_STEP][PASSED] - openBrowser(url): Browser is opened with url: 'https://blazedemo.com/'

2023-10-12 12:35:01 - [MESSAGE][INFO] - Starting 'Firefox' driver

2023-10-12 12:35:02 - [MESSAGE][INFO] - Action delay is set to 0 milliseconds

2023-10-12 12:35:08 - [MESSAGE][PASSED] - Browser is opened with url: 'https://blazedemo.com/'

2023-10-12 12:35:08 - [TEST_STEP][PASSED] - deleteAllCookies(): Delete all cookies successfully

2023-10-12 12:35:08 - [MESSAGE][PASSED] - Delete all cookies successfully

2023-10-12 12:35:08 - [TEST_STEP][PASSED] - maximizeWindow(): Current window maximized

2023-10-12 12:35:08 - [MESSAGE][PASSED] - Current window maximized

2023-10-12 12:35:08 - [TEST_STEP][PASSED] - selectOptionByValue(findTestObject("BlazeDemo/Page_BlazeDemo/Departure_City"), Departure_City, false): All options with value 'Boston' are selected in object 'Object Repository/BlazeDemo/Page_BlazeDemo/Departure_City' 

2023-10-12 12:35:10 - [MESSAGE][PASSED] - All options with value 'Boston' are selected in object 'Object Repository/BlazeDemo/Page_BlazeDemo/Departure_City' 

2023-10-12 12:35:10 - [TEST_STEP][PASSED] - selectOptionByValue(findTestObject("BlazeDemo/Page_BlazeDemo/Destination_City"), Destination_City, false): All options with value 'New York' are selected in object 'Object Repository/BlazeDemo/Page_BlazeDemo/Destination_City' 

2023-10-12 12:35:10 - [MESSAGE][PASSED] - All options with value 'New York' are selected in object 'Object Repository/BlazeDemo/Page_BlazeDemo/Destination_City' 

2023-10-12 12:35:10 - [TEST_STEP][PASSED] - click(findTestObject("BlazeDemo/Page_BlazeDemo/Find Flights")): Object: 'Object Repository/BlazeDemo/Page_BlazeDemo/Find Flights' is clicked on

2023-10-12 12:35:12 - [MESSAGE][PASSED] - Object: 'Object Repository/BlazeDemo/Page_BlazeDemo/Find Flights' is clicked on

2023-10-12 12:35:12 - [TEST_STEP][PASSED] - click(findTestObject("BlazeDemo/Page_BlazeDemo - reserve/Choose Flight")): Object: 'Object Repository/BlazeDemo/Page_BlazeDemo - reserve/Choose Flight' is clicked on

2023-10-12 12:35:13 - [MESSAGE][PASSED] - Object: 'Object Repository/BlazeDemo/Page_BlazeDemo - reserve/Choose Flight' is clicked on

2023-10-12 12:35:13 - [TEST_STEP][PASSED] - setText(findTestObject("BlazeDemo/Page_BlazeDemo Purchase/Name"), "Kelvin"): Text 'Kelvin' is set on object 'Object Repository/BlazeDemo/Page_BlazeDemo Purchase/Name'

2023-10-12 12:35:14 - [MESSAGE][PASSED] - Text 'Kelvin' is set on object 'Object Repository/BlazeDemo/Page_BlazeDemo Purchase/Name'

2023-10-12 12:35:14 - [TEST_STEP][PASSED] - setText(findTestObject("BlazeDemo/Page_BlazeDemo Purchase/Address"), "Tampines"): Text 'Tampines' is set on object 'Object Repository/BlazeDemo/Page_BlazeDemo Purchase/Address'

2023-10-12 12:35:14 - [MESSAGE][PASSED] - Text 'Tampines' is set on object 'Object Repository/BlazeDemo/Page_BlazeDemo Purchase/Address'

2023-10-12 12:35:14 - [TEST_STEP][PASSED] - setText(findTestObject("BlazeDemo/Page_BlazeDemo Purchase/City"), "Singapore"): Text 'Singapore' is set on object 'Object Repository/BlazeDemo/Page_BlazeDemo Purchase/City'

2023-10-12 12:35:15 - [MESSAGE][PASSED] - Text 'Singapore' is set on object 'Object Repository/BlazeDemo/Page_BlazeDemo Purchase/City'

2023-10-12 12:35:15 - [TEST_STEP][PASSED] - setText(findTestObject("BlazeDemo/Page_BlazeDemo Purchase/State"), "NA"): Text 'NA' is set on object 'Object Repository/BlazeDemo/Page_BlazeDemo Purchase/State'

2023-10-12 12:35:16 - [MESSAGE][PASSED] - Text 'NA' is set on object 'Object Repository/BlazeDemo/Page_BlazeDemo Purchase/State'

2023-10-12 12:35:16 - [TEST_STEP][PASSED] - setText(findTestObject("BlazeDemo/Page_BlazeDemo Purchase/ZipCode"), "520915"): Text '520915' is set on object 'Object Repository/BlazeDemo/Page_BlazeDemo Purchase/ZipCode'

2023-10-12 12:35:17 - [MESSAGE][PASSED] - Text '520915' is set on object 'Object Repository/BlazeDemo/Page_BlazeDemo Purchase/ZipCode'

2023-10-12 12:35:17 - [TEST_STEP][PASSED] - selectOptionByIndex(findTestObject("BlazeDemo/Page_BlazeDemo Purchase/Card_Type"), 2, CONTINUE_ON_FAILURE): All options with index in [2] are selected on object 'Object Repository/BlazeDemo/Page_BlazeDemo Purchase/Card_Type'

2023-10-12 12:35:18 - [MESSAGE][PASSED] - All options with index in [2] are selected on object 'Object Repository/BlazeDemo/Page_BlazeDemo Purchase/Card_Type'

2023-10-12 12:35:18 - [TEST_STEP][PASSED] - setText(findTestObject("BlazeDemo/Page_BlazeDemo Purchase/CreditCardNumber"), "76347826489"): Text '76347826489' is set on object 'Object Repository/BlazeDemo/Page_BlazeDemo Purchase/CreditCardNumber'

2023-10-12 12:35:18 - [MESSAGE][PASSED] - Text '76347826489' is set on object 'Object Repository/BlazeDemo/Page_BlazeDemo Purchase/CreditCardNumber'

2023-10-12 12:35:18 - [TEST_STEP][PASSED] - setText(findTestObject("BlazeDemo/Page_BlazeDemo Purchase/CreditCardMonth"), "12"): Text '12' is set on object 'Object Repository/BlazeDemo/Page_BlazeDemo Purchase/CreditCardMonth'

2023-10-12 12:35:19 - [MESSAGE][PASSED] - Text '12' is set on object 'Object Repository/BlazeDemo/Page_BlazeDemo Purchase/CreditCardMonth'

2023-10-12 12:35:19 - [TEST_STEP][PASSED] - setText(findTestObject("BlazeDemo/Page_BlazeDemo Purchase/CreditCardYear"), "2025"): Text '2025' is set on object 'Object Repository/BlazeDemo/Page_BlazeDemo Purchase/CreditCardYear'

2023-10-12 12:35:20 - [MESSAGE][PASSED] - Text '2025' is set on object 'Object Repository/BlazeDemo/Page_BlazeDemo Purchase/CreditCardYear'

2023-10-12 12:35:20 - [TEST_STEP][PASSED] - setText(findTestObject("BlazeDemo/Page_BlazeDemo Purchase/NameOnCard"), "Kelvin Gan"): Text 'Kelvin Gan' is set on object 'Object Repository/BlazeDemo/Page_BlazeDemo Purchase/NameOnCard'

2023-10-12 12:35:21 - [MESSAGE][PASSED] - Text 'Kelvin Gan' is set on object 'Object Repository/BlazeDemo/Page_BlazeDemo Purchase/NameOnCard'

2023-10-12 12:35:21 - [TEST_STEP][PASSED] - click(findTestObject("BlazeDemo/Page_BlazeDemo Purchase/RememberMe")): Object: 'Object Repository/BlazeDemo/Page_BlazeDemo Purchase/RememberMe' is clicked on

2023-10-12 12:35:21 - [MESSAGE][PASSED] - Object: 'Object Repository/BlazeDemo/Page_BlazeDemo Purchase/RememberMe' is clicked on

2023-10-12 12:35:21 - [TEST_STEP][PASSED] - verifyElementChecked(findTestObject("BlazeDemo/Page_BlazeDemo Purchase/RememberMe"), 1): Object 'Object Repository/BlazeDemo/Page_BlazeDemo Purchase/RememberMe' is checked

2023-10-12 12:35:21 - [MESSAGE][PASSED] - Object 'Object Repository/BlazeDemo/Page_BlazeDemo Purchase/RememberMe' is checked

2023-10-12 12:35:21 - [TEST_STEP][PASSED] - click(findTestObject("BlazeDemo/Page_BlazeDemo Purchase/Purchase Flight")): Object: 'Object Repository/BlazeDemo/Page_BlazeDemo Purchase/Purchase Flight' is clicked on

2023-10-12 12:35:22 - [MESSAGE][PASSED] - Object: 'Object Repository/BlazeDemo/Page_BlazeDemo Purchase/Purchase Flight' is clicked on

2023-10-12 12:35:22 - [TEST_STEP][PASSED] - verifyTextPresent("Thank you for your purchase today!", false): Text 'Thank you for your purchase today!' is present on page 

2023-10-12 12:35:23 - [MESSAGE][PASSED] - Text 'Thank you for your purchase today!' is present on page 

2023-10-12 12:35:23 - [TEST_STEP][PASSED] - takeScreenshot("C:\desktop\Purchase Confirm.jpg"): Taking screenshot successfully

2023-10-12 12:35:23 - [MESSAGE][PASSED] - Taking screenshot successfully
[[ATTACHMENT|C:\desktop\Purchase Confirm.jpg]]

2023-10-12 12:35:23 - [TEST_STEP][PASSED] - closeBrowser(): Browser is closed

2023-10-12 12:35:24 - [MESSAGE][PASSED] - Browser is closed]]></system-out>
         <system-err><![CDATA[]]></system-err>
      </testcase>
      <system-out><![CDATA[2023-10-12 12:35:00 - [TEST_SUITE][PASSED] - BlazeDemo: Test Cases/BlazeDemo/TC30-BookFlight]]></system-out>
      <system-err><![CDATA[]]></system-err>
   </testsuite>
   <testsuite name="BlazeDemo" tests="1" failures="0" errors="0" time="20.386" skipped="0" timestamp="2023-10-12 12:35:43" hostname="yyd78 - YYD-DELL-01" id="Test Suites/BlazeDemo">
      <properties>
         <property name="deviceName" value=""/>
         <property name="devicePlatform" value=""/>
         <property name="logFolder" value="C:\\Users\\yyd78\\git\\SG_Proj\\Reports\\20231012_123408\\BlazeDemo\\20231012_123413"/>
         <property name="logFiles" value="C:\\Users\\yyd78\\git\\SG_Proj\\Reports\\20231012_123408\\BlazeDemo\\20231012_123413\\execution0.log"/>
         <property name="attachments" value="C:\desktop\Purchase Confirm.jpg"/>
         <property name="hostName" value="yyd78 - YYD-DELL-01"/>
         <property name="os" value="Windows 11 64bit"/>
         <property name="katalonVersion" value="8.6.8.208"/>
         <property name="browser" value="Chrome 117.0.0.0"/>
         <property name="hostAddress" value="192.168.0.86"/>
         <property name="sessionId" value="f7d987e907d76672e6f0cec288a8d91d"/>
         <property name="seleniumVersion" value="3.141.59"/>
         <property name="proxyInformation" value="ProxyInformation { proxyOption=NO_PROXY, proxyServerType=HTTP, username=, password=********, proxyServerAddress=, proxyServerPort=0, executionList=&quot;&quot;, isApplyToDesiredCapabilities=true }"/>
         <property name="platform" value="Windows 11"/>
      </properties>
      <testcase name="Test Cases/BlazeDemo/TC30-BookFlight" time="20.085" classname="Test Cases/BlazeDemo/TC30-BookFlight" status="PASSED">
         <system-out><![CDATA[2023-10-12 12:35:44 - [TEST_CASE][PASSED] - Test Cases/BlazeDemo/TC30-BookFlight: Test Cases/BlazeDemo/TC30-BookFlight

2023-10-12 12:35:44 - [TEST_STEP][PASSED] - openBrowser(url): Browser is opened with url: 'https://blazedemo.com/'

2023-10-12 12:35:45 - [MESSAGE][INFO] - Starting 'Chrome' driver

2023-10-12 12:35:45 - [MESSAGE][INFO] - Action delay is set to 0 milliseconds

2023-10-12 12:35:49 - [MESSAGE][PASSED] - Browser is opened with url: 'https://blazedemo.com/'

2023-10-12 12:35:49 - [TEST_STEP][PASSED] - deleteAllCookies(): Delete all cookies successfully

2023-10-12 12:35:49 - [MESSAGE][PASSED] - Delete all cookies successfully

2023-10-12 12:35:49 - [TEST_STEP][PASSED] - maximizeWindow(): Current window maximized

2023-10-12 12:35:50 - [MESSAGE][PASSED] - Current window maximized

2023-10-12 12:35:50 - [TEST_STEP][PASSED] - selectOptionByValue(findTestObject("BlazeDemo/Page_BlazeDemo/Departure_City"), Departure_City, false): All options with value 'Portland' are selected in object 'Object Repository/BlazeDemo/Page_BlazeDemo/Departure_City' 

2023-10-12 12:35:51 - [MESSAGE][PASSED] - All options with value 'Portland' are selected in object 'Object Repository/BlazeDemo/Page_BlazeDemo/Departure_City' 

2023-10-12 12:35:51 - [TEST_STEP][PASSED] - selectOptionByValue(findTestObject("BlazeDemo/Page_BlazeDemo/Destination_City"), Destination_City, false): All options with value 'Dublin' are selected in object 'Object Repository/BlazeDemo/Page_BlazeDemo/Destination_City' 

2023-10-12 12:35:51 - [MESSAGE][PASSED] - All options with value 'Dublin' are selected in object 'Object Repository/BlazeDemo/Page_BlazeDemo/Destination_City' 

2023-10-12 12:35:51 - [TEST_STEP][PASSED] - click(findTestObject("BlazeDemo/Page_BlazeDemo/Find Flights")): Object: 'Object Repository/BlazeDemo/Page_BlazeDemo/Find Flights' is clicked on

2023-10-12 12:35:52 - [MESSAGE][PASSED] - Object: 'Object Repository/BlazeDemo/Page_BlazeDemo/Find Flights' is clicked on

2023-10-12 12:35:52 - [TEST_STEP][PASSED] - click(findTestObject("BlazeDemo/Page_BlazeDemo - reserve/Choose Flight")): Object: 'Object Repository/BlazeDemo/Page_BlazeDemo - reserve/Choose Flight' is clicked on

2023-10-12 12:35:53 - [MESSAGE][PASSED] - Object: 'Object Repository/BlazeDemo/Page_BlazeDemo - reserve/Choose Flight' is clicked on

2023-10-12 12:35:53 - [TEST_STEP][PASSED] - setText(findTestObject("BlazeDemo/Page_BlazeDemo Purchase/Name"), "Kelvin"): Text 'Kelvin' is set on object 'Object Repository/BlazeDemo/Page_BlazeDemo Purchase/Name'

2023-10-12 12:35:54 - [MESSAGE][PASSED] - Text 'Kelvin' is set on object 'Object Repository/BlazeDemo/Page_BlazeDemo Purchase/Name'

2023-10-12 12:35:54 - [TEST_STEP][PASSED] - setText(findTestObject("BlazeDemo/Page_BlazeDemo Purchase/Address"), "Tampines"): Text 'Tampines' is set on object 'Object Repository/BlazeDemo/Page_BlazeDemo Purchase/Address'

2023-10-12 12:35:55 - [MESSAGE][PASSED] - Text 'Tampines' is set on object 'Object Repository/BlazeDemo/Page_BlazeDemo Purchase/Address'

2023-10-12 12:35:55 - [TEST_STEP][PASSED] - setText(findTestObject("BlazeDemo/Page_BlazeDemo Purchase/City"), "Singapore"): Text 'Singapore' is set on object 'Object Repository/BlazeDemo/Page_BlazeDemo Purchase/City'

2023-10-12 12:35:55 - [MESSAGE][PASSED] - Text 'Singapore' is set on object 'Object Repository/BlazeDemo/Page_BlazeDemo Purchase/City'

2023-10-12 12:35:55 - [TEST_STEP][PASSED] - setText(findTestObject("BlazeDemo/Page_BlazeDemo Purchase/State"), "NA"): Text 'NA' is set on object 'Object Repository/BlazeDemo/Page_BlazeDemo Purchase/State'

2023-10-12 12:35:56 - [MESSAGE][PASSED] - Text 'NA' is set on object 'Object Repository/BlazeDemo/Page_BlazeDemo Purchase/State'

2023-10-12 12:35:56 - [TEST_STEP][PASSED] - setText(findTestObject("BlazeDemo/Page_BlazeDemo Purchase/ZipCode"), "520915"): Text '520915' is set on object 'Object Repository/BlazeDemo/Page_BlazeDemo Purchase/ZipCode'

2023-10-12 12:35:57 - [MESSAGE][PASSED] - Text '520915' is set on object 'Object Repository/BlazeDemo/Page_BlazeDemo Purchase/ZipCode'

2023-10-12 12:35:57 - [TEST_STEP][PASSED] - selectOptionByIndex(findTestObject("BlazeDemo/Page_BlazeDemo Purchase/Card_Type"), 2, CONTINUE_ON_FAILURE): All options with index in [2] are selected on object 'Object Repository/BlazeDemo/Page_BlazeDemo Purchase/Card_Type'

2023-10-12 12:35:58 - [MESSAGE][PASSED] - All options with index in [2] are selected on object 'Object Repository/BlazeDemo/Page_BlazeDemo Purchase/Card_Type'

2023-10-12 12:35:58 - [TEST_STEP][PASSED] - setText(findTestObject("BlazeDemo/Page_BlazeDemo Purchase/CreditCardNumber"), "76347826489"): Text '76347826489' is set on object 'Object Repository/BlazeDemo/Page_BlazeDemo Purchase/CreditCardNumber'

2023-10-12 12:35:59 - [MESSAGE][PASSED] - Text '76347826489' is set on object 'Object Repository/BlazeDemo/Page_BlazeDemo Purchase/CreditCardNumber'

2023-10-12 12:35:59 - [TEST_STEP][PASSED] - setText(findTestObject("BlazeDemo/Page_BlazeDemo Purchase/CreditCardMonth"), "12"): Text '12' is set on object 'Object Repository/BlazeDemo/Page_BlazeDemo Purchase/CreditCardMonth'

2023-10-12 12:35:59 - [MESSAGE][PASSED] - Text '12' is set on object 'Object Repository/BlazeDemo/Page_BlazeDemo Purchase/CreditCardMonth'

2023-10-12 12:35:59 - [TEST_STEP][PASSED] - setText(findTestObject("BlazeDemo/Page_BlazeDemo Purchase/CreditCardYear"), "2025"): Text '2025' is set on object 'Object Repository/BlazeDemo/Page_BlazeDemo Purchase/CreditCardYear'

2023-10-12 12:36:00 - [MESSAGE][PASSED] - Text '2025' is set on object 'Object Repository/BlazeDemo/Page_BlazeDemo Purchase/CreditCardYear'

2023-10-12 12:36:00 - [TEST_STEP][PASSED] - setText(findTestObject("BlazeDemo/Page_BlazeDemo Purchase/NameOnCard"), "Kelvin Gan"): Text 'Kelvin Gan' is set on object 'Object Repository/BlazeDemo/Page_BlazeDemo Purchase/NameOnCard'

2023-10-12 12:36:01 - [MESSAGE][PASSED] - Text 'Kelvin Gan' is set on object 'Object Repository/BlazeDemo/Page_BlazeDemo Purchase/NameOnCard'

2023-10-12 12:36:01 - [TEST_STEP][PASSED] - click(findTestObject("BlazeDemo/Page_BlazeDemo Purchase/RememberMe")): Object: 'Object Repository/BlazeDemo/Page_BlazeDemo Purchase/RememberMe' is clicked on

2023-10-12 12:36:01 - [MESSAGE][PASSED] - Object: 'Object Repository/BlazeDemo/Page_BlazeDemo Purchase/RememberMe' is clicked on

2023-10-12 12:36:01 - [TEST_STEP][PASSED] - verifyElementChecked(findTestObject("BlazeDemo/Page_BlazeDemo Purchase/RememberMe"), 1): Object 'Object Repository/BlazeDemo/Page_BlazeDemo Purchase/RememberMe' is checked

2023-10-12 12:36:01 - [MESSAGE][PASSED] - Object 'Object Repository/BlazeDemo/Page_BlazeDemo Purchase/RememberMe' is checked

2023-10-12 12:36:01 - [TEST_STEP][PASSED] - click(findTestObject("BlazeDemo/Page_BlazeDemo Purchase/Purchase Flight")): Object: 'Object Repository/BlazeDemo/Page_BlazeDemo Purchase/Purchase Flight' is clicked on

2023-10-12 12:36:02 - [MESSAGE][PASSED] - Object: 'Object Repository/BlazeDemo/Page_BlazeDemo Purchase/Purchase Flight' is clicked on

2023-10-12 12:36:02 - [TEST_STEP][PASSED] - verifyTextPresent("Thank you for your purchase today!", false): Text 'Thank you for your purchase today!' is present on page 

2023-10-12 12:36:02 - [MESSAGE][PASSED] - Text 'Thank you for your purchase today!' is present on page 

2023-10-12 12:36:02 - [TEST_STEP][PASSED] - takeScreenshot("C:\desktop\Purchase Confirm.jpg"): Taking screenshot successfully

2023-10-12 12:36:03 - [MESSAGE][PASSED] - Taking screenshot successfully
[[ATTACHMENT|C:\desktop\Purchase Confirm.jpg]]

2023-10-12 12:36:03 - [TEST_STEP][PASSED] - closeBrowser(): Browser is closed

2023-10-12 12:36:04 - [MESSAGE][PASSED] - Browser is closed]]></system-out>
         <system-err><![CDATA[]]></system-err>
      </testcase>
      <system-out><![CDATA[2023-10-12 12:35:43 - [TEST_SUITE][PASSED] - BlazeDemo: Test Cases/BlazeDemo/TC30-BookFlight]]></system-out>
      <system-err><![CDATA[]]></system-err>
   </testsuite>
   <testsuite name="BlazeDemo" tests="1" failures="0" errors="0" time="19.423" skipped="0" timestamp="2023-10-12 12:36:21" hostname="yyd78 - YYD-DELL-01" id="Test Suites/BlazeDemo">
      <properties>
         <property name="deviceName" value=""/>
         <property name="devicePlatform" value=""/>
         <property name="logFolder" value="C:\\Users\\yyd78\\git\\SG_Proj\\Reports\\20231012_123408\\BlazeDemo\\20231012_123415"/>
         <property name="logFiles" value="C:\\Users\\yyd78\\git\\SG_Proj\\Reports\\20231012_123408\\BlazeDemo\\20231012_123415\\execution0.log"/>
         <property name="attachments" value="C:\desktop\Purchase Confirm.jpg"/>
         <property name="hostName" value="yyd78 - YYD-DELL-01"/>
         <property name="os" value="Windows 11 64bit"/>
         <property name="katalonVersion" value="8.6.8.208"/>
         <property name="browser" value="Edge Chromium 117"/>
         <property name="hostAddress" value="192.168.0.86"/>
         <property name="sessionId" value="6454b90473ed37ca7c446e1023e79dd8"/>
         <property name="seleniumVersion" value="3.141.59"/>
         <property name="proxyInformation" value="ProxyInformation { proxyOption=NO_PROXY, proxyServerType=HTTP, username=, password=********, proxyServerAddress=, proxyServerPort=0, executionList=&quot;&quot;, isApplyToDesiredCapabilities=true }"/>
         <property name="platform" value="Windows 11"/>
      </properties>
      <testcase name="Test Cases/BlazeDemo/TC30-BookFlight" time="19.165" classname="Test Cases/BlazeDemo/TC30-BookFlight" status="PASSED">
         <system-out><![CDATA[2023-10-12 12:36:21 - [TEST_CASE][PASSED] - Test Cases/BlazeDemo/TC30-BookFlight: Test Cases/BlazeDemo/TC30-BookFlight

2023-10-12 12:36:21 - [TEST_STEP][PASSED] - openBrowser(url): Browser is opened with url: 'https://blazedemo.com/'

2023-10-12 12:36:22 - [MESSAGE][INFO] - Starting 'Edge Chromium' driver

2023-10-12 12:36:22 - [MESSAGE][INFO] - Action delay is set to 0 milliseconds

2023-10-12 12:36:27 - [MESSAGE][PASSED] - Browser is opened with url: 'https://blazedemo.com/'

2023-10-12 12:36:27 - [TEST_STEP][PASSED] - deleteAllCookies(): Delete all cookies successfully

2023-10-12 12:36:27 - [MESSAGE][PASSED] - Delete all cookies successfully

2023-10-12 12:36:27 - [TEST_STEP][PASSED] - maximizeWindow(): Current window maximized

2023-10-12 12:36:27 - [MESSAGE][PASSED] - Current window maximized

2023-10-12 12:36:27 - [TEST_STEP][PASSED] - selectOptionByValue(findTestObject("BlazeDemo/Page_BlazeDemo/Departure_City"), Departure_City, false): All options with value 'Portland' are selected in object 'Object Repository/BlazeDemo/Page_BlazeDemo/Departure_City' 

2023-10-12 12:36:28 - [MESSAGE][PASSED] - All options with value 'Portland' are selected in object 'Object Repository/BlazeDemo/Page_BlazeDemo/Departure_City' 

2023-10-12 12:36:28 - [TEST_STEP][PASSED] - selectOptionByValue(findTestObject("BlazeDemo/Page_BlazeDemo/Destination_City"), Destination_City, false): All options with value 'Dublin' are selected in object 'Object Repository/BlazeDemo/Page_BlazeDemo/Destination_City' 

2023-10-12 12:36:28 - [MESSAGE][PASSED] - All options with value 'Dublin' are selected in object 'Object Repository/BlazeDemo/Page_BlazeDemo/Destination_City' 

2023-10-12 12:36:28 - [TEST_STEP][PASSED] - click(findTestObject("BlazeDemo/Page_BlazeDemo/Find Flights")): Object: 'Object Repository/BlazeDemo/Page_BlazeDemo/Find Flights' is clicked on

2023-10-12 12:36:29 - [MESSAGE][PASSED] - Object: 'Object Repository/BlazeDemo/Page_BlazeDemo/Find Flights' is clicked on

2023-10-12 12:36:29 - [TEST_STEP][PASSED] - click(findTestObject("BlazeDemo/Page_BlazeDemo - reserve/Choose Flight")): Object: 'Object Repository/BlazeDemo/Page_BlazeDemo - reserve/Choose Flight' is clicked on

2023-10-12 12:36:30 - [MESSAGE][PASSED] - Object: 'Object Repository/BlazeDemo/Page_BlazeDemo - reserve/Choose Flight' is clicked on

2023-10-12 12:36:30 - [TEST_STEP][PASSED] - setText(findTestObject("BlazeDemo/Page_BlazeDemo Purchase/Name"), "Kelvin"): Text 'Kelvin' is set on object 'Object Repository/BlazeDemo/Page_BlazeDemo Purchase/Name'

2023-10-12 12:36:31 - [MESSAGE][PASSED] - Text 'Kelvin' is set on object 'Object Repository/BlazeDemo/Page_BlazeDemo Purchase/Name'

2023-10-12 12:36:31 - [TEST_STEP][PASSED] - setText(findTestObject("BlazeDemo/Page_BlazeDemo Purchase/Address"), "Tampines"): Text 'Tampines' is set on object 'Object Repository/BlazeDemo/Page_BlazeDemo Purchase/Address'

2023-10-12 12:36:31 - [MESSAGE][PASSED] - Text 'Tampines' is set on object 'Object Repository/BlazeDemo/Page_BlazeDemo Purchase/Address'

2023-10-12 12:36:31 - [TEST_STEP][PASSED] - setText(findTestObject("BlazeDemo/Page_BlazeDemo Purchase/City"), "Singapore"): Text 'Singapore' is set on object 'Object Repository/BlazeDemo/Page_BlazeDemo Purchase/City'

2023-10-12 12:36:32 - [MESSAGE][PASSED] - Text 'Singapore' is set on object 'Object Repository/BlazeDemo/Page_BlazeDemo Purchase/City'

2023-10-12 12:36:32 - [TEST_STEP][PASSED] - setText(findTestObject("BlazeDemo/Page_BlazeDemo Purchase/State"), "NA"): Text 'NA' is set on object 'Object Repository/BlazeDemo/Page_BlazeDemo Purchase/State'

2023-10-12 12:36:33 - [MESSAGE][PASSED] - Text 'NA' is set on object 'Object Repository/BlazeDemo/Page_BlazeDemo Purchase/State'

2023-10-12 12:36:33 - [TEST_STEP][PASSED] - setText(findTestObject("BlazeDemo/Page_BlazeDemo Purchase/ZipCode"), "520915"): Text '520915' is set on object 'Object Repository/BlazeDemo/Page_BlazeDemo Purchase/ZipCode'

2023-10-12 12:36:33 - [MESSAGE][PASSED] - Text '520915' is set on object 'Object Repository/BlazeDemo/Page_BlazeDemo Purchase/ZipCode'

2023-10-12 12:36:33 - [TEST_STEP][PASSED] - selectOptionByIndex(findTestObject("BlazeDemo/Page_BlazeDemo Purchase/Card_Type"), 2, CONTINUE_ON_FAILURE): All options with index in [2] are selected on object 'Object Repository/BlazeDemo/Page_BlazeDemo Purchase/Card_Type'

2023-10-12 12:36:34 - [MESSAGE][PASSED] - All options with index in [2] are selected on object 'Object Repository/BlazeDemo/Page_BlazeDemo Purchase/Card_Type'

2023-10-12 12:36:34 - [TEST_STEP][PASSED] - setText(findTestObject("BlazeDemo/Page_BlazeDemo Purchase/CreditCardNumber"), "76347826489"): Text '76347826489' is set on object 'Object Repository/BlazeDemo/Page_BlazeDemo Purchase/CreditCardNumber'

2023-10-12 12:36:35 - [MESSAGE][PASSED] - Text '76347826489' is set on object 'Object Repository/BlazeDemo/Page_BlazeDemo Purchase/CreditCardNumber'

2023-10-12 12:36:35 - [TEST_STEP][PASSED] - setText(findTestObject("BlazeDemo/Page_BlazeDemo Purchase/CreditCardMonth"), "12"): Text '12' is set on object 'Object Repository/BlazeDemo/Page_BlazeDemo Purchase/CreditCardMonth'

2023-10-12 12:36:36 - [MESSAGE][PASSED] - Text '12' is set on object 'Object Repository/BlazeDemo/Page_BlazeDemo Purchase/CreditCardMonth'

2023-10-12 12:36:36 - [TEST_STEP][PASSED] - setText(findTestObject("BlazeDemo/Page_BlazeDemo Purchase/CreditCardYear"), "2025"): Text '2025' is set on object 'Object Repository/BlazeDemo/Page_BlazeDemo Purchase/CreditCardYear'

2023-10-12 12:36:36 - [MESSAGE][PASSED] - Text '2025' is set on object 'Object Repository/BlazeDemo/Page_BlazeDemo Purchase/CreditCardYear'

2023-10-12 12:36:36 - [TEST_STEP][PASSED] - setText(findTestObject("BlazeDemo/Page_BlazeDemo Purchase/NameOnCard"), "Kelvin Gan"): Text 'Kelvin Gan' is set on object 'Object Repository/BlazeDemo/Page_BlazeDemo Purchase/NameOnCard'

2023-10-12 12:36:37 - [MESSAGE][PASSED] - Text 'Kelvin Gan' is set on object 'Object Repository/BlazeDemo/Page_BlazeDemo Purchase/NameOnCard'

2023-10-12 12:36:37 - [TEST_STEP][PASSED] - click(findTestObject("BlazeDemo/Page_BlazeDemo Purchase/RememberMe")): Object: 'Object Repository/BlazeDemo/Page_BlazeDemo Purchase/RememberMe' is clicked on

2023-10-12 12:36:37 - [MESSAGE][PASSED] - Object: 'Object Repository/BlazeDemo/Page_BlazeDemo Purchase/RememberMe' is clicked on

2023-10-12 12:36:37 - [TEST_STEP][PASSED] - verifyElementChecked(findTestObject("BlazeDemo/Page_BlazeDemo Purchase/RememberMe"), 1): Object 'Object Repository/BlazeDemo/Page_BlazeDemo Purchase/RememberMe' is checked

2023-10-12 12:36:38 - [MESSAGE][PASSED] - Object 'Object Repository/BlazeDemo/Page_BlazeDemo Purchase/RememberMe' is checked

2023-10-12 12:36:38 - [TEST_STEP][PASSED] - click(findTestObject("BlazeDemo/Page_BlazeDemo Purchase/Purchase Flight")): Object: 'Object Repository/BlazeDemo/Page_BlazeDemo Purchase/Purchase Flight' is clicked on

2023-10-12 12:36:38 - [MESSAGE][PASSED] - Object: 'Object Repository/BlazeDemo/Page_BlazeDemo Purchase/Purchase Flight' is clicked on

2023-10-12 12:36:38 - [TEST_STEP][PASSED] - verifyTextPresent("Thank you for your purchase today!", false): Text 'Thank you for your purchase today!' is present on page 

2023-10-12 12:36:39 - [MESSAGE][PASSED] - Text 'Thank you for your purchase today!' is present on page 

2023-10-12 12:36:39 - [TEST_STEP][PASSED] - takeScreenshot("C:\desktop\Purchase Confirm.jpg"): Taking screenshot successfully

2023-10-12 12:36:39 - [MESSAGE][PASSED] - Taking screenshot successfully
[[ATTACHMENT|C:\desktop\Purchase Confirm.jpg]]

2023-10-12 12:36:39 - [TEST_STEP][PASSED] - closeBrowser(): Browser is closed

2023-10-12 12:36:40 - [MESSAGE][PASSED] - Browser is closed]]></system-out>
         <system-err><![CDATA[]]></system-err>
      </testcase>
      <system-out><![CDATA[2023-10-12 12:36:21 - [TEST_SUITE][PASSED] - BlazeDemo: Test Cases/BlazeDemo/TC30-BookFlight]]></system-out>
      <system-err><![CDATA[]]></system-err>
   </testsuite>
</testsuites>
